#
# A fatal error has been detected by the Java Runtime Environment:
#
#  EXCEPTION_ACCESS_VIOLATION (0xc0000005) at pc=0x00007ffea4030ff0, pid=7176, tid=6512
#
# JRE version: OpenJDK Runtime Environment JBR-17.0.6+10-829.5-jcef (17.0.6+10) (build 17.0.6+10-b829.5)
# Java VM: OpenJDK 64-Bit Server VM JBR-17.0.6+10-829.5-jcef (17.0.6+10-b829.5, mixed mode, tiered, compressed oops, compressed class ptrs, g1 gc, windows-amd64)
# Problematic frame:
# V  [jvm.dll+0x2b0ff0]
#
# No core dump will be written. Minidumps are not enabled by default on client versions of Windows
#
# If you would like to submit a bug report, please visit:
#   https://youtrack.jetbrains.com/issues/JBR
#

---------------  S U M M A R Y ------------

Command Line: --add-opens=java.base/java.util=ALL-UNNAMED --add-opens=java.base/java.lang=ALL-UNNAMED --add-opens=java.base/java.lang.invoke=ALL-UNNAMED --add-opens=java.prefs/java.util.prefs=ALL-UNNAMED --add-opens=java.base/java.nio.charset=ALL-UNNAMED --add-opens=java.base/java.net=ALL-UNNAMED --add-opens=java.base/java.util.concurrent.atomic=ALL-UNNAMED -XX:MaxMetaspaceSize=384m -XX:+HeapDumpOnOutOfMemoryError -Xms256m -Xmx512m -Dfile.encoding=windows-1251 -Duser.country=RU -Duser.language=ru -Duser.variant -javaagent:C:\Users\Cahefencet\.gradle\wrapper\dists\gradle-8.5-all\3zlzzgtsutfj0pbojr50n2l7z\gradle-8.5\lib\agents\gradle-instrumentation-agent-8.5.jar org.gradle.launcher.daemon.bootstrap.GradleDaemon 8.5

Host: Intel(R) Core(TM) i5-8400 CPU @ 2.80GHz, 6 cores, 15G,  Windows 10 , 64 bit Build 19041 (10.0.19041.3636)
Time: Sun Mar 17 23:51:50 2024 RTZ 2 (s 10 , 64 bit Build 19041 (10.0.19041.3636) elapsed time: 49.442416 seconds (0d 0h 0m 49s)

---------------  T H R E A D  ---------------

Current thread (0x00000239f8c34080):  JavaThread "C2 CompilerThread0" daemon [_thread_in_native, id=6512, stack(0x0000007921d00000,0x0000007921e00000)]


Current CompileTask:
C2:  49442 15440       4       org.gradle.internal.resource.transfer.AbstractProgressLoggingHandler$ProgressLoggingInputStream::read (27 bytes)

Stack: [0x0000007921d00000,0x0000007921e00000],  sp=0x0000007921dfaac0,  free space=1002k
Native frames: (J=compiled Java code, j=interpreted, Vv=VM code, C=native code)
V  [jvm.dll+0x2b0ff0]
V  [jvm.dll+0x58a207]
V  [jvm.dll+0x2243b2]
V  [jvm.dll+0x21dbe9]
V  [jvm.dll+0x21b51b]
V  [jvm.dll+0x1a4fdd]
V  [jvm.dll+0x22b098]
V  [jvm.dll+0x229159]
V  [jvm.dll+0x7f809c]
V  [jvm.dll+0x7f25fa]
V  [jvm.dll+0x682985]
C  [ucrtbase.dll+0x21bb2]
C  [KERNEL32.DLL+0x17344]
C  [ntdll.dll+0x526b1]


siginfo: EXCEPTION_ACCESS_VIOLATION (0xc0000005), reading address 0x0000000000000010


Register to memory mapping:

RIP=0x00007ffea4030ff0 jvm.dll
RAX=0x0 is NULL
RBX=0x0000000000000050 is an unknown value
RCX=0x00000239914e9a30 points into unknown readable memory: 0x0000000000000000 | 00 00 00 00 00 00 00 00
RDX=0x0000023991823b40 points into unknown readable memory: 0x00000239fb814b58 | 58 4b 81 fb 39 02 00 00
RSP=0x0000007921dfaac0 is pointing into the stack for thread: 0x00000239f8c34080
RBP=0x00000239917fe020 points into unknown readable memory: 0x0000000000000000 | 00 00 00 00 00 00 00 00
RSI=0x0000007921dfaf00 is pointing into the stack for thread: 0x00000239f8c34080
RDI=0x000000000000000a is an unknown value
R8 =0x00000239917fe020 points into unknown readable memory: 0x0000000000000000 | 00 00 00 00 00 00 00 00
R9 =0x0000023991824180 points into unknown readable memory: 0x00000239fb41c178 | 78 c1 41 fb 39 02 00 00
R10=0x0000000000000016 is an unknown value
R11=0x0000023991823af0 points into unknown readable memory: 0x00000239fb8148c0 | c0 48 81 fb 39 02 00 00
R12=0x0000023991823af0 points into unknown readable memory: 0x00000239fb8148c0 | c0 48 81 fb 39 02 00 00
R13=0x0 is NULL
R14=0x000002399189ea40 points into unknown readable memory: 0xffffffff00000001 | 01 00 00 00 ff ff ff ff
R15=0x00000239fb8148c0 points into unknown readable memory: 0x00007ffea46ba688 | 88 a6 6b a4 fe 7f 00 00


Registers:
RAX=0x0000000000000000, RBX=0x0000000000000050, RCX=0x00000239914e9a30, RDX=0x0000023991823b40
RSP=0x0000007921dfaac0, RBP=0x00000239917fe020, RSI=0x0000007921dfaf00, RDI=0x000000000000000a
R8 =0x00000239917fe020, R9 =0x0000023991824180, R10=0x0000000000000016, R11=0x0000023991823af0
R12=0x0000023991823af0, R13=0x0000000000000000, R14=0x000002399189ea40, R15=0x00000239fb8148c0
RIP=0x00007ffea4030ff0, EFLAGS=0x0000000000010206

Top of Stack: (sp=0x0000007921dfaac0)
0x0000007921dfaac0:   00000239917fe020 0000007921dfab10
0x0000007921dfaad0:   0000007921dfaf00 000002399189ea40
0x0000007921dfaae0:   000002399189ea40 00000239f8c324c0
0x0000007921dfaaf0:   00000239fe525450 00000000000e03f0
0x0000007921dfab00:   00000239fe52d4e0 00000239fe52d4e0
0x0000007921dfab10:   0000000000000200 00000239fb81b3f0
0x0000007921dfab20:   0000000000000200 00000239f8c324c0
0x0000007921dfab30:   000000001d70aef2 0000000000000000
0x0000007921dfab40:   0000000000000000 0000000000058200
0x0000007921dfab50:   00000239f1015570 0000000000000000
0x0000007921dfab60:   00000239f836de20 0000007921dfac80
0x0000007921dfab70:   0000007921dfaf00 00007ffea430a207
0x0000007921dfab80:   0000007921dfaf00 0000007900000de4
0x0000007921dfab90:   00000239917fe020 0000000000000788
0x0000007921dfaba0:   0000000000000000 0000000000000000
0x0000007921dfabb0:   0000000000020020 0000000000020010 

Instructions: (pc=0x00007ffea4030ff0)
0x00007ffea4030ef0:   8b 46 10 45 33 ed 48 8b e8 48 89 84 24 d0 00 00
0x00007ffea4030f00:   00 41 8b 88 40 02 00 00 83 e9 01 48 63 d1 78 21
0x00007ffea4030f10:   48 8d 0c 92 48 c1 e1 04 48 03 c8 0f 1f 44 00 00
0x00007ffea4030f20:   48 83 ea 01 4c 89 29 48 8d 49 b0 79 f3 4c 8b 46
0x00007ffea4030f30:   10 41 8b 88 40 02 00 00 33 d2 ff c1 48 c1 e1 02
0x00007ffea4030f40:   e8 8b 97 42 00 48 8b 4e 10 ba ff ff ff ff 4c 8b
0x00007ffea4030f50:   f0 48 89 44 24 20 44 8b 81 40 02 00 00 48 8b c8
0x00007ffea4030f60:   41 ff c0 49 c1 e0 02 e8 96 d9 5e 00 48 8d 4c 24
0x00007ffea4030f70:   50 e8 6a ad 57 00 4d 8b ce 48 8d 54 24 50 4c 8b
0x00007ffea4030f80:   c6 48 8b cd e8 17 fc ff ff 89 84 24 c8 00 00 00
0x00007ffea4030f90:   4c 89 6d 08 48 89 6d 18 8d 48 ff 48 63 d1 48 83
0x00007ffea4030fa0:   fa 01 0f 8e 87 03 00 00 4c 8d 24 92 49 c1 e4 04
0x00007ffea4030fb0:   4c 03 e5 48 ff ca 48 89 94 24 d8 00 00 00 66 90
0x00007ffea4030fc0:   4d 8b 3c 24 41 8b fd 41 83 7f 18 00 0f 86 b5 00
0x00007ffea4030fd0:   00 00 8b c7 48 8d 1c c5 00 00 00 00 49 8b 47 08
0x00007ffea4030fe0:   48 8b 0c 03 48 85 c9 0f 84 8e 00 00 00 48 8b 01
0x00007ffea4030ff0:   ff 50 10 84 c0 0f 84 80 00 00 00 49 8b 47 08 48
0x00007ffea4031000:   8b 0c 03 8b 41 28 41 8b 0c 86 83 f9 ff 74 6c 48
0x00007ffea4031010:   8d 1c 89 48 c1 e3 04 48 03 dd 48 8b 4b 20 48 85
0x00007ffea4031020:   c9 75 06 48 8b 4b 18 eb 43 48 83 79 20 00 74 2a
0x00007ffea4031030:   e8 2b fb ff ff 4c 8b 43 20 48 8b 53 18 49 8b 48
0x00007ffea4031040:   18 8b 42 08 39 41 08 73 07 48 89 4b 18 48 8b d1
0x00007ffea4031050:   49 8b 48 20 48 89 4b 20 eb 04 48 8b 53 18 48 8b
0x00007ffea4031060:   49 18 8b 42 08 39 41 08 48 0f 43 ca 8b 41 08 41
0x00007ffea4031070:   3b 44 24 08 73 05 41 89 44 24 08 ff c7 41 3b 7f
0x00007ffea4031080:   18 0f 82 4b ff ff ff 41 8b 44 24 08 4d 8b c4 48
0x00007ffea4031090:   8d 0c 80 48 03 c9 48 8b 44 cd 38 49 89 44 24 38
0x00007ffea40310a0:   4c 89 64 cd 38 49 8b 44 24 28 49 8b 54 24 18 4d
0x00007ffea40310b0:   8b 5c 24 10 48 8b 48 18 8b 41 08 39 42 08 73 52
0x00007ffea40310c0:   4d 8b 48 28 45 8b 50 0c 49 8b 41 28 8b 50 0c 41
0x00007ffea40310d0:   8b 41 0c 41 03 d2 03 c0 3b d0 72 12 4d 89 41 20
0x00007ffea40310e0:   49 8b 40 28 48 8b 48 28 49 89 48 28 eb 0f 45 89 


Stack slot to memory mapping:
stack at sp + 0 slots: 0x00000239917fe020 points into unknown readable memory: 0x0000000000000000 | 00 00 00 00 00 00 00 00
stack at sp + 1 slots: 0x0000007921dfab10 is pointing into the stack for thread: 0x00000239f8c34080
stack at sp + 2 slots: 0x0000007921dfaf00 is pointing into the stack for thread: 0x00000239f8c34080
stack at sp + 3 slots: 0x000002399189ea40 points into unknown readable memory: 0xffffffff00000001 | 01 00 00 00 ff ff ff ff
stack at sp + 4 slots: 0x000002399189ea40 points into unknown readable memory: 0xffffffff00000001 | 01 00 00 00 ff ff ff ff
stack at sp + 5 slots: 0x00000239f8c324c0 points into unknown readable memory: 0x3b3e3b5400000006 | 06 00 00 00 54 3b 3e 3b
stack at sp + 6 slots: 0x00000239fe525450 points into unknown readable memory: 0x00000239917fe010 | 10 e0 7f 91 39 02 00 00
stack at sp + 7 slots: 0x00000000000e03f0 is an unknown value


---------------  P R O C E S S  ---------------

Threads class SMR info:
_java_thread_list=0x00000239f9526130, length=64, elements={
0x00000239f0ffc170, 0x00000239f83e9620, 0x00000239f83ec000, 0x00000239f83d60f0,
0x00000239f8c3e720, 0x00000239f8c30350, 0x00000239f8c33020, 0x00000239f8c34080,
0x00000239f8c379a0, 0x00000239f8c42d10, 0x00000239f8d22330, 0x00000239f8e77110,
0x00000239fbf02830, 0x00000239fc5a3c20, 0x00000239fc2a65c0, 0x00000239fb6e9720,
0x00000239fa64b490, 0x00000239fa16aca0, 0x00000239fa725800, 0x00000239fc2ea700,
0x00000239fc2eabd0, 0x00000239fc2ea230, 0x00000239fc2eb0a0, 0x00000239fc2ebf10,
0x00000239fc2ecd80, 0x00000239fc2eb570, 0x00000239fc2eba40, 0x00000239fc2ec3e0,
0x00000239fc2ec8b0, 0x00000239fc2e9890, 0x00000239fc2e9d60, 0x00000239f9e23b10,
0x00000239f9e1f2e0, 0x00000239f9e1e940, 0x00000239f9e21e30, 0x00000239f9e1e470,
0x00000239f9e21960, 0x00000239f9e20150, 0x00000239f9e1fc80, 0x00000239f9e1ee10,
0x0000023990081dd0, 0x00000239fa67d120, 0x00000239fa67d5f0, 0x00000239feb8f240,
0x00000239feb8a070, 0x00000239feb8bd50, 0x00000239feb8e8a0, 0x00000239feb8f710,
0x00000239feb8c220, 0x00000239feb8fbe0, 0x0000023990081900, 0x00000239900822a0,
0x0000023990082770, 0x00000239fb9f24f0, 0x00000239feb8d560, 0x00000239fa67e930,
0x00000239fa67e460, 0x00000239fa67dac0, 0x00000239fe4f0d70, 0x00000239fa52d520,
0x00000239fa52d9f0, 0x00000239fa52c1e0, 0x00000239fa52d050, 0x00000239fc396530
}

Java Threads: ( => current thread )
  0x00000239f0ffc170 JavaThread "main" [_thread_blocked, id=9800, stack(0x0000007921000000,0x0000007921100000)]
  0x00000239f83e9620 JavaThread "Reference Handler" daemon [_thread_blocked, id=5852, stack(0x0000007921700000,0x0000007921800000)]
  0x00000239f83ec000 JavaThread "Finalizer" daemon [_thread_blocked, id=7548, stack(0x0000007921800000,0x0000007921900000)]
  0x00000239f83d60f0 JavaThread "Signal Dispatcher" daemon [_thread_blocked, id=6072, stack(0x0000007921900000,0x0000007921a00000)]
  0x00000239f8c3e720 JavaThread "Attach Listener" daemon [_thread_blocked, id=3276, stack(0x0000007921a00000,0x0000007921b00000)]
  0x00000239f8c30350 JavaThread "Service Thread" daemon [_thread_blocked, id=9540, stack(0x0000007921b00000,0x0000007921c00000)]
  0x00000239f8c33020 JavaThread "Monitor Deflation Thread" daemon [_thread_blocked, id=612, stack(0x0000007921c00000,0x0000007921d00000)]
=>0x00000239f8c34080 JavaThread "C2 CompilerThread0" daemon [_thread_in_native, id=6512, stack(0x0000007921d00000,0x0000007921e00000)]
  0x00000239f8c379a0 JavaThread "C1 CompilerThread0" daemon [_thread_blocked, id=5132, stack(0x0000007921e00000,0x0000007921f00000)]
  0x00000239f8c42d10 JavaThread "Sweeper thread" daemon [_thread_blocked, id=1144, stack(0x0000007921f00000,0x0000007922000000)]
  0x00000239f8d22330 JavaThread "Common-Cleaner" daemon [_thread_blocked, id=2404, stack(0x0000007922000000,0x0000007922100000)]
  0x00000239f8e77110 JavaThread "Notification Thread" daemon [_thread_blocked, id=4932, stack(0x0000007922100000,0x0000007922200000)]
  0x00000239fbf02830 JavaThread "Daemon health stats" [_thread_blocked, id=5188, stack(0x0000007922900000,0x0000007922a00000)]
  0x00000239fc5a3c20 JavaThread "Incoming local TCP Connector on port 63393" [_thread_in_native, id=5612, stack(0x0000007922a00000,0x0000007922b00000)]
  0x00000239fc2a65c0 JavaThread "Daemon periodic checks" [_thread_blocked, id=4480, stack(0x0000007922b00000,0x0000007922c00000)]
  0x00000239fb6e9720 JavaThread "Daemon" [_thread_blocked, id=1660, stack(0x0000007922c00000,0x0000007922d00000)]
  0x00000239fa64b490 JavaThread "Handler for socket connection from /127.0.0.1:63393 to /127.0.0.1:63394" [_thread_in_native, id=3744, stack(0x0000007922d00000,0x0000007922e00000)]
  0x00000239fa16aca0 JavaThread "Cancel handler" [_thread_blocked, id=7924, stack(0x0000007922e00000,0x0000007922f00000)]
  0x00000239fa725800 JavaThread "Daemon worker" [_thread_in_native, id=3476, stack(0x0000007922f00000,0x0000007923000000)]
  0x00000239fc2ea700 JavaThread "Asynchronous log dispatcher for DefaultDaemonConnection: socket connection from /127.0.0.1:63393 to /127.0.0.1:63394" [_thread_blocked, id=6544, stack(0x0000007923000000,0x0000007923100000)]
  0x00000239fc2eabd0 JavaThread "Stdin handler" [_thread_blocked, id=2916, stack(0x0000007923100000,0x0000007923200000)]
  0x00000239fc2ea230 JavaThread "Daemon client event forwarder" [_thread_blocked, id=5656, stack(0x0000007923200000,0x0000007923300000)]
  0x00000239fc2eb0a0 JavaThread "Cache worker for journal cache (C:\Users\Cahefencet\.gradle\caches\journal-1)" [_thread_blocked, id=6492, stack(0x0000007923400000,0x0000007923500000)]
  0x00000239fc2ebf10 JavaThread "File lock request listener" [_thread_in_native, id=6068, stack(0x0000007923500000,0x0000007923600000)]
  0x00000239fc2ecd80 JavaThread "Cache worker for file hash cache (C:\Users\Cahefencet\.gradle\caches\8.5\fileHashes)" [_thread_blocked, id=1700, stack(0x0000007923600000,0x0000007923700000)]
  0x00000239fc2eb570 JavaThread "File watcher server" daemon [_thread_in_native, id=3984, stack(0x0000007923700000,0x0000007923800000)]
  0x00000239fc2eba40 JavaThread "File watcher consumer" daemon [_thread_blocked, id=6504, stack(0x0000007923800000,0x0000007923900000)]
  0x00000239fc2ec3e0 JavaThread "jar transforms" [_thread_blocked, id=5980, stack(0x0000007922300000,0x0000007922400000)]
  0x00000239fc2ec8b0 JavaThread "jar transforms Thread 2" [_thread_blocked, id=4572, stack(0x0000007923900000,0x0000007923a00000)]
  0x00000239fc2e9890 JavaThread "jar transforms Thread 3" [_thread_blocked, id=10160, stack(0x0000007923a00000,0x0000007923b00000)]
  0x00000239fc2e9d60 JavaThread "jar transforms Thread 4" [_thread_blocked, id=7680, stack(0x0000007923b00000,0x0000007923c00000)]
  0x00000239f9e23b10 JavaThread "jar transforms Thread 5" [_thread_blocked, id=2132, stack(0x0000007923c00000,0x0000007923d00000)]
  0x00000239f9e1f2e0 JavaThread "jar transforms Thread 6" [_thread_blocked, id=5592, stack(0x0000007923d00000,0x0000007923e00000)]
  0x00000239f9e1e940 JavaThread "Cache worker for checksums cache (D:\IntellijIdea\repos\DnDGames\.gradle\8.5\checksums)" [_thread_blocked, id=8472, stack(0x0000007923f00000,0x0000007924000000)]
  0x00000239f9e21e30 JavaThread "Cache worker for file hash cache (D:\IntellijIdea\repos\DnDGames\.gradle\8.5\fileHashes)" [_thread_blocked, id=9132, stack(0x0000007924000000,0x0000007924100000)]
  0x00000239f9e1e470 JavaThread "Cache worker for cache directory md-supplier (C:\Users\Cahefencet\.gradle\caches\8.5\md-supplier)" [_thread_blocked, id=9680, stack(0x0000007924100000,0x0000007924200000)]
  0x00000239f9e21960 JavaThread "Cache worker for cache directory md-rule (C:\Users\Cahefencet\.gradle\caches\8.5\md-rule)" [_thread_blocked, id=8928, stack(0x0000007924200000,0x0000007924300000)]
  0x00000239f9e20150 JavaThread "Cache worker for file content cache (C:\Users\Cahefencet\.gradle\caches\8.5\fileContent)" [_thread_blocked, id=5552, stack(0x0000007924300000,0x0000007924400000)]
  0x00000239f9e1fc80 JavaThread "Cache worker for execution history cache (C:\Users\Cahefencet\.gradle\caches\8.5\executionHistory)" [_thread_blocked, id=5992, stack(0x0000007924400000,0x0000007924500000)]
  0x00000239f9e1ee10 JavaThread "Cache worker for kotlin-dsl (C:\Users\Cahefencet\.gradle\caches\8.5\kotlin-dsl)" [_thread_blocked, id=2568, stack(0x0000007924500000,0x0000007924600000)]
  0x0000023990081dd0 JavaThread "Cache worker for dependencies-accessors (D:\IntellijIdea\repos\DnDGames\.gradle\8.5\dependencies-accessors)" [_thread_blocked, id=8328, stack(0x0000007924800000,0x0000007924900000)]
  0x00000239fa67d120 JavaThread "Cache worker for Build Output Cleanup Cache (D:\IntellijIdea\repos\DnDGames\.gradle\buildOutputCleanup)" [_thread_blocked, id=5816, stack(0x0000007924900000,0x0000007924a00000)]
  0x00000239fa67d5f0 JavaThread "Kotlin DSL Writer" [_thread_blocked, id=6800, stack(0x0000007924a00000,0x0000007924b00000)]
  0x00000239feb8f240 JavaThread "Unconstrained build operations" [_thread_blocked, id=6028, stack(0x0000007923e00000,0x0000007923f00000)]
  0x00000239feb8a070 JavaThread "Unconstrained build operations Thread 2" [_thread_blocked, id=1544, stack(0x0000007924c00000,0x0000007924d00000)]
  0x00000239feb8bd50 JavaThread "Unconstrained build operations Thread 3" [_thread_blocked, id=7568, stack(0x0000007924d00000,0x0000007924e00000)]
  0x00000239feb8e8a0 JavaThread "Unconstrained build operations Thread 4" [_thread_blocked, id=8876, stack(0x0000007924e00000,0x0000007924f00000)]
  0x00000239feb8f710 JavaThread "Unconstrained build operations Thread 5" [_thread_blocked, id=8256, stack(0x0000007924f00000,0x0000007925000000)]
  0x00000239feb8c220 JavaThread "Unconstrained build operations Thread 6" [_thread_blocked, id=7356, stack(0x0000007925000000,0x0000007925100000)]
  0x00000239feb8fbe0 JavaThread "Unconstrained build operations Thread 7" [_thread_blocked, id=8696, stack(0x0000007925100000,0x0000007925200000)]
  0x0000023990081900 JavaThread "Unconstrained build operations Thread 8" [_thread_blocked, id=6108, stack(0x0000007925300000,0x0000007925400000)]
  0x00000239900822a0 JavaThread "Unconstrained build operations Thread 9" [_thread_blocked, id=2028, stack(0x0000007925400000,0x0000007925500000)]
  0x0000023990082770 JavaThread "Unconstrained build operations Thread 10" [_thread_blocked, id=8360, stack(0x0000007925500000,0x0000007925600000)]
  0x00000239fb9f24f0 JavaThread "Unconstrained build operations Thread 11" [_thread_blocked, id=9396, stack(0x0000007925600000,0x0000007925700000)]
  0x00000239feb8d560 JavaThread "Unconstrained build operations Thread 12" [_thread_blocked, id=9808, stack(0x0000007925700000,0x0000007925800000)]
  0x00000239fa67e930 JavaThread "Unconstrained build operations Thread 13" [_thread_blocked, id=2056, stack(0x0000007925800000,0x0000007925900000)]
  0x00000239fa67e460 JavaThread "Unconstrained build operations Thread 14" [_thread_blocked, id=8908, stack(0x0000007925900000,0x0000007925a00000)]
  0x00000239fa67dac0 JavaThread "Unconstrained build operations Thread 15" [_thread_blocked, id=3560, stack(0x0000007925a00000,0x0000007925b00000)]
  0x00000239fe4f0d70 JavaThread "Unconstrained build operations Thread 16" [_thread_blocked, id=9264, stack(0x0000007925b00000,0x0000007925c00000)]
  0x00000239fa52d520 JavaThread "Unconstrained build operations Thread 17" [_thread_blocked, id=5624, stack(0x0000007925200000,0x0000007925300000)]
  0x00000239fa52d9f0 JavaThread "Unconstrained build operations Thread 18" [_thread_blocked, id=2860, stack(0x0000007925c00000,0x0000007925d00000)]
  0x00000239fa52c1e0 JavaThread "Unconstrained build operations Thread 19" [_thread_blocked, id=5564, stack(0x0000007925d00000,0x0000007925e00000)]
  0x00000239fa52d050 JavaThread "Unconstrained build operations Thread 20" [_thread_blocked, id=8336, stack(0x0000007925e00000,0x0000007925f00000)]
  0x00000239fc396530 JavaThread "Unconstrained build operations Thread 21" [_thread_blocked, id=8088, stack(0x0000007925f00000,0x0000007926000000)]

Other Threads:
  0x00000239f83c6620 VMThread "VM Thread" [stack: 0x0000007921600000,0x0000007921700000] [id=2680]
  0x00000239f0ffd030 WatcherThread [stack: 0x0000007922200000,0x0000007922300000] [id=668]
  0x00000239f102a3c0 GCTaskThread "GC Thread#0" [stack: 0x0000007921100000,0x0000007921200000] [id=3320]
  0x00000239f8f99270 GCTaskThread "GC Thread#1" [stack: 0x0000007922400000,0x0000007922500000] [id=7404]
  0x00000239f8f99520 GCTaskThread "GC Thread#2" [stack: 0x0000007922500000,0x0000007922600000] [id=7372]
  0x00000239f8f997d0 GCTaskThread "GC Thread#3" [stack: 0x0000007922600000,0x0000007922700000] [id=2940]
  0x00000239f9492d30 GCTaskThread "GC Thread#4" [stack: 0x0000007922700000,0x0000007922800000] [id=6560]
  0x00000239f94937f0 GCTaskThread "GC Thread#5" [stack: 0x0000007922800000,0x0000007922900000] [id=8556]
  0x00000239f102f210 ConcurrentGCThread "G1 Main Marker" [stack: 0x0000007921200000,0x0000007921300000] [id=8664]
  0x00000239f1030b40 ConcurrentGCThread "G1 Conc#0" [stack: 0x0000007921300000,0x0000007921400000] [id=7516]
  0x00000239f9493290 ConcurrentGCThread "G1 Conc#1" [stack: 0x0000007923300000,0x0000007923400000] [id=7956]
  0x00000239f82280e0 ConcurrentGCThread "G1 Refine#0" [stack: 0x0000007921400000,0x0000007921500000] [id=8064]
  0x00000239f8228a10 ConcurrentGCThread "G1 Service" [stack: 0x0000007921500000,0x0000007921600000] [id=9780]

Threads with active compile tasks:
C2 CompilerThread0    49522 15440       4       org.gradle.internal.resource.transfer.AbstractProgressLoggingHandler$ProgressLoggingInputStream::read (27 bytes)

VM state: not at safepoint (normal execution)

VM Mutex/Monitor currently owned by a thread: None

Heap address: 0x00000000e0000000, size: 512 MB, Compressed Oops mode: 32-bit

CDS archive(s) not mapped
Compressed class space mapped at: 0x0000000100000000-0x0000000113400000, reserved size: 322961408
Narrow klass base: 0x0000000000000000, Narrow klass shift: 3, Narrow klass range: 0x113400000

GC Precious Log:
 CPUs: 6 total, 6 available
 Memory: 16322M
 Large Page Support: Disabled
 NUMA Support: Disabled
 Compressed Oops: Enabled (32-bit)
 Heap Region Size: 1M
 Heap Min Capacity: 256M
 Heap Initial Capacity: 256M
 Heap Max Capacity: 512M
 Pre-touch: Disabled
 Parallel Workers: 6
 Concurrent Workers: 2
 Concurrent Refinement Workers: 6
 Periodic GC: Disabled

Heap:
 garbage-first heap   total 263168K, used 182271K [0x00000000e0000000, 0x0000000100000000)
  region size 1024K, 51 young (52224K), 6 survivors (6144K)
 Metaspace       used 138798K, committed 139520K, reserved 438272K
  class space    used 17650K, committed 17984K, reserved 315392K

Heap Regions: E=young(eden), S=young(survivor), O=old, HS=humongous(starts), HC=humongous(continues), CS=collection set, F=free, OA=open archive, CA=closed archive, TAMS=top-at-mark-start (previous, next)
|   0|0x00000000e0000000, 0x00000000e0100000, 0x00000000e0100000|100%|HS|  |TAMS 0x00000000e0100000, 0x00000000e0000000| Complete 
|   1|0x00000000e0100000, 0x00000000e0200000, 0x00000000e0200000|100%|HC|  |TAMS 0x00000000e0200000, 0x00000000e0100000| Complete 
|   2|0x00000000e0200000, 0x00000000e0300000, 0x00000000e0300000|100%|HC|  |TAMS 0x00000000e0300000, 0x00000000e0200000| Complete 
|   3|0x00000000e0300000, 0x00000000e0400000, 0x00000000e0400000|100%|HC|  |TAMS 0x00000000e0400000, 0x00000000e0300000| Complete 
|   4|0x00000000e0400000, 0x00000000e0500000, 0x00000000e0500000|100%| O|  |TAMS 0x00000000e0500000, 0x00000000e0400000| Untracked 
|   5|0x00000000e0500000, 0x00000000e0600000, 0x00000000e0600000|100%| O|  |TAMS 0x00000000e0600000, 0x00000000e0500000| Untracked 
|   6|0x00000000e0600000, 0x00000000e0700000, 0x00000000e0700000|100%| O|  |TAMS 0x00000000e0700000, 0x00000000e0600000| Untracked 
|   7|0x00000000e0700000, 0x00000000e0800000, 0x00000000e0800000|100%| O|  |TAMS 0x00000000e0800000, 0x00000000e0700000| Untracked 
|   8|0x00000000e0800000, 0x00000000e0900000, 0x00000000e0900000|100%| O|  |TAMS 0x00000000e0900000, 0x00000000e0800000| Untracked 
|   9|0x00000000e0900000, 0x00000000e0a00000, 0x00000000e0a00000|100%| O|  |TAMS 0x00000000e0a00000, 0x00000000e0900000| Untracked 
|  10|0x00000000e0a00000, 0x00000000e0b00000, 0x00000000e0b00000|100%|HS|  |TAMS 0x00000000e0b00000, 0x00000000e0a00000| Complete 
|  11|0x00000000e0b00000, 0x00000000e0c00000, 0x00000000e0c00000|100%|HC|  |TAMS 0x00000000e0c00000, 0x00000000e0b00000| Complete 
|  12|0x00000000e0c00000, 0x00000000e0d00000, 0x00000000e0d00000|100%|HS|  |TAMS 0x00000000e0d00000, 0x00000000e0c00000| Complete 
|  13|0x00000000e0d00000, 0x00000000e0e00000, 0x00000000e0e00000|100%|HC|  |TAMS 0x00000000e0e00000, 0x00000000e0d00000| Complete 
|  14|0x00000000e0e00000, 0x00000000e0f00000, 0x00000000e0f00000|100%|HC|  |TAMS 0x00000000e0f00000, 0x00000000e0e00000| Complete 
|  15|0x00000000e0f00000, 0x00000000e1000000, 0x00000000e1000000|100%|HS|  |TAMS 0x00000000e1000000, 0x00000000e0f00000| Complete 
|  16|0x00000000e1000000, 0x00000000e1100000, 0x00000000e1100000|100%|HC|  |TAMS 0x00000000e1100000, 0x00000000e1000000| Complete 
|  17|0x00000000e1100000, 0x00000000e1200000, 0x00000000e1200000|100%|HS|  |TAMS 0x00000000e1200000, 0x00000000e1100000| Complete 
|  18|0x00000000e1200000, 0x00000000e1300000, 0x00000000e1300000|100%|HC|  |TAMS 0x00000000e1300000, 0x00000000e1200000| Complete 
|  19|0x00000000e1300000, 0x00000000e1400000, 0x00000000e1400000|100%|HC|  |TAMS 0x00000000e1400000, 0x00000000e1300000| Complete 
|  20|0x00000000e1400000, 0x00000000e1500000, 0x00000000e1500000|100%|HC|  |TAMS 0x00000000e1500000, 0x00000000e1400000| Complete 
|  21|0x00000000e1500000, 0x00000000e1600000, 0x00000000e1600000|100%|HC|  |TAMS 0x00000000e1600000, 0x00000000e1500000| Complete 
|  22|0x00000000e1600000, 0x00000000e1700000, 0x00000000e1700000|100%|HC|  |TAMS 0x00000000e1700000, 0x00000000e1600000| Complete 
|  23|0x00000000e1700000, 0x00000000e1800000, 0x00000000e1800000|100%|HC|  |TAMS 0x00000000e1800000, 0x00000000e1700000| Complete 
|  24|0x00000000e1800000, 0x00000000e1900000, 0x00000000e1900000|100%|HC|  |TAMS 0x00000000e1900000, 0x00000000e1800000| Complete 
|  25|0x00000000e1900000, 0x00000000e1a00000, 0x00000000e1a00000|100%|HC|  |TAMS 0x00000000e1a00000, 0x00000000e1900000| Complete 
|  26|0x00000000e1a00000, 0x00000000e1b00000, 0x00000000e1b00000|100%|HC|  |TAMS 0x00000000e1b00000, 0x00000000e1a00000| Complete 
|  27|0x00000000e1b00000, 0x00000000e1c00000, 0x00000000e1c00000|100%|HC|  |TAMS 0x00000000e1c00000, 0x00000000e1b00000| Complete 
|  28|0x00000000e1c00000, 0x00000000e1d00000, 0x00000000e1d00000|100%|HS|  |TAMS 0x00000000e1d00000, 0x00000000e1c00000| Complete 
|  29|0x00000000e1d00000, 0x00000000e1e00000, 0x00000000e1e00000|100%|HC|  |TAMS 0x00000000e1e00000, 0x00000000e1d00000| Complete 
|  30|0x00000000e1e00000, 0x00000000e1f00000, 0x00000000e1f00000|100%|HS|  |TAMS 0x00000000e1f00000, 0x00000000e1e00000| Complete 
|  31|0x00000000e1f00000, 0x00000000e2000000, 0x00000000e2000000|100%|HC|  |TAMS 0x00000000e2000000, 0x00000000e1f00000| Complete 
|  32|0x00000000e2000000, 0x00000000e2100000, 0x00000000e2100000|100%|HC|  |TAMS 0x00000000e2100000, 0x00000000e2000000| Complete 
|  33|0x00000000e2100000, 0x00000000e2200000, 0x00000000e2200000|100%|HC|  |TAMS 0x00000000e2200000, 0x00000000e2100000| Complete 
|  34|0x00000000e2200000, 0x00000000e2300000, 0x00000000e2300000|100%|HC|  |TAMS 0x00000000e2300000, 0x00000000e2200000| Complete 
|  35|0x00000000e2300000, 0x00000000e2400000, 0x00000000e2400000|100%|HC|  |TAMS 0x00000000e2400000, 0x00000000e2300000| Complete 
|  36|0x00000000e2400000, 0x00000000e2500000, 0x00000000e2500000|100%|HS|  |TAMS 0x00000000e2500000, 0x00000000e2400000| Complete 
|  37|0x00000000e2500000, 0x00000000e2600000, 0x00000000e2600000|100%| O|  |TAMS 0x00000000e2600000, 0x00000000e2500000| Untracked 
|  38|0x00000000e2600000, 0x00000000e2700000, 0x00000000e2700000|100%| O|  |TAMS 0x00000000e2700000, 0x00000000e2600000| Untracked 
|  39|0x00000000e2700000, 0x00000000e2800000, 0x00000000e2800000|100%| O|  |TAMS 0x00000000e2800000, 0x00000000e2700000| Untracked 
|  40|0x00000000e2800000, 0x00000000e2900000, 0x00000000e2900000|100%| O|  |TAMS 0x00000000e2900000, 0x00000000e2800000| Untracked 
|  41|0x00000000e2900000, 0x00000000e2a00000, 0x00000000e2a00000|100%| O|  |TAMS 0x00000000e2a00000, 0x00000000e2900000| Untracked 
|  42|0x00000000e2a00000, 0x00000000e2b00000, 0x00000000e2b00000|100%| O|  |TAMS 0x00000000e2b00000, 0x00000000e2a00000| Untracked 
|  43|0x00000000e2b00000, 0x00000000e2c00000, 0x00000000e2c00000|100%| O|  |TAMS 0x00000000e2c00000, 0x00000000e2b00000| Untracked 
|  44|0x00000000e2c00000, 0x00000000e2d00000, 0x00000000e2d00000|100%| O|  |TAMS 0x00000000e2d00000, 0x00000000e2c00000| Untracked 
|  45|0x00000000e2d00000, 0x00000000e2e00000, 0x00000000e2e00000|100%| O|  |TAMS 0x00000000e2e00000, 0x00000000e2d00000| Untracked 
|  46|0x00000000e2e00000, 0x00000000e2f00000, 0x00000000e2f00000|100%| O|  |TAMS 0x00000000e2f00000, 0x00000000e2e00000| Untracked 
|  47|0x00000000e2f00000, 0x00000000e3000000, 0x00000000e3000000|100%| O|  |TAMS 0x00000000e3000000, 0x00000000e2f00000| Untracked 
|  48|0x00000000e3000000, 0x00000000e3100000, 0x00000000e3100000|100%| O|  |TAMS 0x00000000e3100000, 0x00000000e3000000| Untracked 
|  49|0x00000000e3100000, 0x00000000e3200000, 0x00000000e3200000|100%| O|  |TAMS 0x00000000e3200000, 0x00000000e3100000| Untracked 
|  50|0x00000000e3200000, 0x00000000e3300000, 0x00000000e3300000|100%| O|  |TAMS 0x00000000e3300000, 0x00000000e3200000| Untracked 
|  51|0x00000000e3300000, 0x00000000e3400000, 0x00000000e3400000|100%| O|  |TAMS 0x00000000e3400000, 0x00000000e3300000| Untracked 
|  52|0x00000000e3400000, 0x00000000e3500000, 0x00000000e3500000|100%| O|  |TAMS 0x00000000e3500000, 0x00000000e3400000| Untracked 
|  53|0x00000000e3500000, 0x00000000e3600000, 0x00000000e3600000|100%| O|  |TAMS 0x00000000e3600000, 0x00000000e3500000| Untracked 
|  54|0x00000000e3600000, 0x00000000e3700000, 0x00000000e3700000|100%| O|  |TAMS 0x00000000e3700000, 0x00000000e3600000| Untracked 
|  55|0x00000000e3700000, 0x00000000e3800000, 0x00000000e3800000|100%| O|  |TAMS 0x00000000e3800000, 0x00000000e3700000| Untracked 
|  56|0x00000000e3800000, 0x00000000e3900000, 0x00000000e3900000|100%| O|  |TAMS 0x00000000e3900000, 0x00000000e3800000| Untracked 
|  57|0x00000000e3900000, 0x00000000e3a00000, 0x00000000e3a00000|100%| O|  |TAMS 0x00000000e3a00000, 0x00000000e3900000| Untracked 
|  58|0x00000000e3a00000, 0x00000000e3b00000, 0x00000000e3b00000|100%| O|  |TAMS 0x00000000e3b00000, 0x00000000e3a00000| Untracked 
|  59|0x00000000e3b00000, 0x00000000e3c00000, 0x00000000e3c00000|100%| O|  |TAMS 0x00000000e3c00000, 0x00000000e3b00000| Untracked 
|  60|0x00000000e3c00000, 0x00000000e3d00000, 0x00000000e3d00000|100%| O|  |TAMS 0x00000000e3d00000, 0x00000000e3c00000| Untracked 
|  61|0x00000000e3d00000, 0x00000000e3e00000, 0x00000000e3e00000|100%| O|  |TAMS 0x00000000e3e00000, 0x00000000e3d00000| Untracked 
|  62|0x00000000e3e00000, 0x00000000e3f00000, 0x00000000e3f00000|100%| O|  |TAMS 0x00000000e3f00000, 0x00000000e3e00000| Untracked 
|  63|0x00000000e3f00000, 0x00000000e4000000, 0x00000000e4000000|100%| O|  |TAMS 0x00000000e4000000, 0x00000000e3f00000| Untracked 
|  64|0x00000000e4000000, 0x00000000e4100000, 0x00000000e4100000|100%| O|  |TAMS 0x00000000e4100000, 0x00000000e4000000| Untracked 
|  65|0x00000000e4100000, 0x00000000e4200000, 0x00000000e4200000|100%|HS|  |TAMS 0x00000000e4200000, 0x00000000e4100000| Complete 
|  66|0x00000000e4200000, 0x00000000e4300000, 0x00000000e4300000|100%|HC|  |TAMS 0x00000000e4300000, 0x00000000e4200000| Complete 
|  67|0x00000000e4300000, 0x00000000e4400000, 0x00000000e4400000|100%|HC|  |TAMS 0x00000000e4400000, 0x00000000e4300000| Complete 
|  68|0x00000000e4400000, 0x00000000e4500000, 0x00000000e4500000|100%| O|  |TAMS 0x00000000e4500000, 0x00000000e4400000| Untracked 
|  69|0x00000000e4500000, 0x00000000e4600000, 0x00000000e4600000|100%| O|  |TAMS 0x00000000e4600000, 0x00000000e4500000| Untracked 
|  70|0x00000000e4600000, 0x00000000e4700000, 0x00000000e4700000|100%| O|  |TAMS 0x00000000e4700000, 0x00000000e4600000| Untracked 
|  71|0x00000000e4700000, 0x00000000e4800000, 0x00000000e4800000|100%| O|  |TAMS 0x00000000e4800000, 0x00000000e4700000| Untracked 
|  72|0x00000000e4800000, 0x00000000e4900000, 0x00000000e4900000|100%| O|  |TAMS 0x00000000e4900000, 0x00000000e4800000| Untracked 
|  73|0x00000000e4900000, 0x00000000e4a00000, 0x00000000e4a00000|100%| O|  |TAMS 0x00000000e4a00000, 0x00000000e4900000| Untracked 
|  74|0x00000000e4a00000, 0x00000000e4b00000, 0x00000000e4b00000|100%|HS|  |TAMS 0x00000000e4b00000, 0x00000000e4a00000| Complete 
|  75|0x00000000e4b00000, 0x00000000e4c00000, 0x00000000e4c00000|100%| O|  |TAMS 0x00000000e4c00000, 0x00000000e4b00000| Untracked 
|  76|0x00000000e4c00000, 0x00000000e4d00000, 0x00000000e4d00000|100%| O|  |TAMS 0x00000000e4d00000, 0x00000000e4c00000| Complete 
|  77|0x00000000e4d00000, 0x00000000e4e00000, 0x00000000e4e00000|100%| O|  |TAMS 0x00000000e4e00000, 0x00000000e4d00000| Untracked 
|  78|0x00000000e4e00000, 0x00000000e4e00000, 0x00000000e4f00000|  0%| F|  |TAMS 0x00000000e4e00000, 0x00000000e4e00000| Untracked 
|  79|0x00000000e4f00000, 0x00000000e5000000, 0x00000000e5000000|100%| O|  |TAMS 0x00000000e5000000, 0x00000000e4f00000| Untracked 
|  80|0x00000000e5000000, 0x00000000e5100000, 0x00000000e5100000|100%| O|  |TAMS 0x00000000e5100000, 0x00000000e5000000| Complete 
|  81|0x00000000e5100000, 0x00000000e5200000, 0x00000000e5200000|100%| O|  |TAMS 0x00000000e5200000, 0x00000000e5100000| Untracked 
|  82|0x00000000e5200000, 0x00000000e5300000, 0x00000000e5300000|100%| O|  |TAMS 0x00000000e5300000, 0x00000000e5200000| Complete 
|  83|0x00000000e5300000, 0x00000000e5400000, 0x00000000e5400000|100%| O|  |TAMS 0x00000000e5400000, 0x00000000e5300000| Untracked 
|  84|0x00000000e5400000, 0x00000000e5500000, 0x00000000e5500000|100%| O|  |TAMS 0x00000000e5500000, 0x00000000e5400000| Untracked 
|  85|0x00000000e5500000, 0x00000000e5600000, 0x00000000e5600000|100%| O|  |TAMS 0x00000000e5600000, 0x00000000e5500000| Untracked 
|  86|0x00000000e5600000, 0x00000000e5700000, 0x00000000e5700000|100%| O|  |TAMS 0x00000000e5700000, 0x00000000e5600000| Complete 
|  87|0x00000000e5700000, 0x00000000e5800000, 0x00000000e5800000|100%| O|  |TAMS 0x00000000e5800000, 0x00000000e5700000| Untracked 
|  88|0x00000000e5800000, 0x00000000e5900000, 0x00000000e5900000|100%| O|  |TAMS 0x00000000e5900000, 0x00000000e5800000| Untracked 
|  89|0x00000000e5900000, 0x00000000e5a00000, 0x00000000e5a00000|100%| O|  |TAMS 0x00000000e5a00000, 0x00000000e5900000| Untracked 
|  90|0x00000000e5a00000, 0x00000000e5b00000, 0x00000000e5b00000|100%| O|  |TAMS 0x00000000e5b00000, 0x00000000e5a00000| Untracked 
|  91|0x00000000e5b00000, 0x00000000e5c00000, 0x00000000e5c00000|100%| O|  |TAMS 0x00000000e5c00000, 0x00000000e5b00000| Untracked 
|  92|0x00000000e5c00000, 0x00000000e5d00000, 0x00000000e5d00000|100%| O|  |TAMS 0x00000000e5d00000, 0x00000000e5c00000| Untracked 
|  93|0x00000000e5d00000, 0x00000000e5e00000, 0x00000000e5e00000|100%| O|  |TAMS 0x00000000e5e00000, 0x00000000e5d00000| Untracked 
|  94|0x00000000e5e00000, 0x00000000e5f00000, 0x00000000e5f00000|100%| O|  |TAMS 0x00000000e5f00000, 0x00000000e5e00000| Untracked 
|  95|0x00000000e5f00000, 0x00000000e6000000, 0x00000000e6000000|100%| O|  |TAMS 0x00000000e6000000, 0x00000000e5f00000| Untracked 
|  96|0x00000000e6000000, 0x00000000e6100000, 0x00000000e6100000|100%| O|  |TAMS 0x00000000e6100000, 0x00000000e6000000| Untracked 
|  97|0x00000000e6100000, 0x00000000e6100000, 0x00000000e6200000|  0%| F|  |TAMS 0x00000000e6100000, 0x00000000e6100000| Untracked 
|  98|0x00000000e6200000, 0x00000000e6300000, 0x00000000e6300000|100%| O|  |TAMS 0x00000000e6300000, 0x00000000e6200000| Untracked 
|  99|0x00000000e6300000, 0x00000000e6400000, 0x00000000e6400000|100%|HS|  |TAMS 0x00000000e6400000, 0x00000000e6300000| Complete 
| 100|0x00000000e6400000, 0x00000000e6500000, 0x00000000e6500000|100%|HC|  |TAMS 0x00000000e6500000, 0x00000000e6400000| Complete 
| 101|0x00000000e6500000, 0x00000000e6600000, 0x00000000e6600000|100%|HC|  |TAMS 0x00000000e6600000, 0x00000000e6500000| Complete 
| 102|0x00000000e6600000, 0x00000000e6700000, 0x00000000e6700000|100%|HC|  |TAMS 0x00000000e6700000, 0x00000000e6600000| Complete 
| 103|0x00000000e6700000, 0x00000000e6800000, 0x00000000e6800000|100%|HC|  |TAMS 0x00000000e6800000, 0x00000000e6700000| Complete 
| 104|0x00000000e6800000, 0x00000000e6900000, 0x00000000e6900000|100%|HC|  |TAMS 0x00000000e6900000, 0x00000000e6800000| Complete 
| 105|0x00000000e6900000, 0x00000000e6a00000, 0x00000000e6a00000|100%| O|  |TAMS 0x00000000e6a00000, 0x00000000e6900000| Untracked 
| 106|0x00000000e6a00000, 0x00000000e6b00000, 0x00000000e6b00000|100%| O|  |TAMS 0x00000000e6b00000, 0x00000000e6a00000| Untracked 
| 107|0x00000000e6b00000, 0x00000000e6c00000, 0x00000000e6c00000|100%| O|  |TAMS 0x00000000e6c00000, 0x00000000e6b00000| Untracked 
| 108|0x00000000e6c00000, 0x00000000e6d00000, 0x00000000e6d00000|100%| O|  |TAMS 0x00000000e6d00000, 0x00000000e6c00000| Untracked 
| 109|0x00000000e6d00000, 0x00000000e6e00000, 0x00000000e6e00000|100%| O|  |TAMS 0x00000000e6e00000, 0x00000000e6d00000| Untracked 
| 110|0x00000000e6e00000, 0x00000000e6f00000, 0x00000000e6f00000|100%| O|  |TAMS 0x00000000e6f00000, 0x00000000e6e00000| Untracked 
| 111|0x00000000e6f00000, 0x00000000e7000000, 0x00000000e7000000|100%| O|  |TAMS 0x00000000e7000000, 0x00000000e6f00000| Untracked 
| 112|0x00000000e7000000, 0x00000000e7100000, 0x00000000e7100000|100%| O|  |TAMS 0x00000000e7100000, 0x00000000e7000000| Untracked 
| 113|0x00000000e7100000, 0x00000000e7200000, 0x00000000e7200000|100%| O|  |TAMS 0x00000000e7200000, 0x00000000e7100000| Untracked 
| 114|0x00000000e7200000, 0x00000000e7300000, 0x00000000e7300000|100%| O|  |TAMS 0x00000000e7300000, 0x00000000e7200000| Untracked 
| 115|0x00000000e7300000, 0x00000000e7400000, 0x00000000e7400000|100%| O|  |TAMS 0x00000000e7400000, 0x00000000e7300000| Untracked 
| 116|0x00000000e7400000, 0x00000000e7500000, 0x00000000e7500000|100%| O|  |TAMS 0x00000000e7500000, 0x00000000e7400000| Untracked 
| 117|0x00000000e7500000, 0x00000000e7500000, 0x00000000e7600000|  0%| F|  |TAMS 0x00000000e7500000, 0x00000000e7500000| Untracked 
| 118|0x00000000e7600000, 0x00000000e7700000, 0x00000000e7700000|100%| O|  |TAMS 0x00000000e7700000, 0x00000000e7600000| Untracked 
| 119|0x00000000e7700000, 0x00000000e7800000, 0x00000000e7800000|100%| O|  |TAMS 0x00000000e7800000, 0x00000000e7700000| Untracked 
| 120|0x00000000e7800000, 0x00000000e7900000, 0x00000000e7900000|100%| O|  |TAMS 0x00000000e7900000, 0x00000000e7800000| Untracked 
| 121|0x00000000e7900000, 0x00000000e7a00000, 0x00000000e7a00000|100%| O|  |TAMS 0x00000000e7a00000, 0x00000000e7900000| Untracked 
| 122|0x00000000e7a00000, 0x00000000e7b00000, 0x00000000e7b00000|100%| O|  |TAMS 0x00000000e7b00000, 0x00000000e7a00000| Untracked 
| 123|0x00000000e7b00000, 0x00000000e7c00000, 0x00000000e7c00000|100%| O|  |TAMS 0x00000000e7c00000, 0x00000000e7b00000| Untracked 
| 124|0x00000000e7c00000, 0x00000000e7d00000, 0x00000000e7d00000|100%| O|  |TAMS 0x00000000e7d00000, 0x00000000e7c00000| Untracked 
| 125|0x00000000e7d00000, 0x00000000e7e00000, 0x00000000e7e00000|100%| O|  |TAMS 0x00000000e7e00000, 0x00000000e7d00000| Untracked 
| 126|0x00000000e7e00000, 0x00000000e7f00000, 0x00000000e7f00000|100%| O|  |TAMS 0x00000000e7f00000, 0x00000000e7e00000| Untracked 
| 127|0x00000000e7f00000, 0x00000000e8000000, 0x00000000e8000000|100%| O|  |TAMS 0x00000000e8000000, 0x00000000e7f00000| Untracked 
| 128|0x00000000e8000000, 0x00000000e8100000, 0x00000000e8100000|100%| O|  |TAMS 0x00000000e8100000, 0x00000000e8000000| Untracked 
| 129|0x00000000e8100000, 0x00000000e81ffc00, 0x00000000e8200000| 99%| O|  |TAMS 0x00000000e81ffc00, 0x00000000e8100000| Untracked 
| 130|0x00000000e8200000, 0x00000000e8200000, 0x00000000e8300000|  0%| F|  |TAMS 0x00000000e8200000, 0x00000000e8200000| Untracked 
| 131|0x00000000e8300000, 0x00000000e8300000, 0x00000000e8400000|  0%| F|  |TAMS 0x00000000e8300000, 0x00000000e8300000| Untracked 
| 132|0x00000000e8400000, 0x00000000e8400000, 0x00000000e8500000|  0%| F|  |TAMS 0x00000000e8400000, 0x00000000e8400000| Untracked 
| 133|0x00000000e8500000, 0x00000000e8500000, 0x00000000e8600000|  0%| F|  |TAMS 0x00000000e8500000, 0x00000000e8500000| Untracked 
| 134|0x00000000e8600000, 0x00000000e8600000, 0x00000000e8700000|  0%| F|  |TAMS 0x00000000e8600000, 0x00000000e8600000| Untracked 
| 135|0x00000000e8700000, 0x00000000e8700000, 0x00000000e8800000|  0%| F|  |TAMS 0x00000000e8700000, 0x00000000e8700000| Untracked 
| 136|0x00000000e8800000, 0x00000000e8800000, 0x00000000e8900000|  0%| F|  |TAMS 0x00000000e8800000, 0x00000000e8800000| Untracked 
| 137|0x00000000e8900000, 0x00000000e8900000, 0x00000000e8a00000|  0%| F|  |TAMS 0x00000000e8900000, 0x00000000e8900000| Untracked 
| 138|0x00000000e8a00000, 0x00000000e8a00000, 0x00000000e8b00000|  0%| F|  |TAMS 0x00000000e8a00000, 0x00000000e8a00000| Untracked 
| 139|0x00000000e8b00000, 0x00000000e8b00000, 0x00000000e8c00000|  0%| F|  |TAMS 0x00000000e8b00000, 0x00000000e8b00000| Untracked 
| 140|0x00000000e8c00000, 0x00000000e8c00000, 0x00000000e8d00000|  0%| F|  |TAMS 0x00000000e8c00000, 0x00000000e8c00000| Untracked 
| 141|0x00000000e8d00000, 0x00000000e8d00000, 0x00000000e8e00000|  0%| F|  |TAMS 0x00000000e8d00000, 0x00000000e8d00000| Untracked 
| 142|0x00000000e8e00000, 0x00000000e8e00000, 0x00000000e8f00000|  0%| F|  |TAMS 0x00000000e8e00000, 0x00000000e8e00000| Untracked 
| 143|0x00000000e8f00000, 0x00000000e8f00000, 0x00000000e9000000|  0%| F|  |TAMS 0x00000000e8f00000, 0x00000000e8f00000| Untracked 
| 144|0x00000000e9000000, 0x00000000e9000000, 0x00000000e9100000|  0%| F|  |TAMS 0x00000000e9000000, 0x00000000e9000000| Untracked 
| 145|0x00000000e9100000, 0x00000000e9100000, 0x00000000e9200000|  0%| F|  |TAMS 0x00000000e9100000, 0x00000000e9100000| Untracked 
| 146|0x00000000e9200000, 0x00000000e9200000, 0x00000000e9300000|  0%| F|  |TAMS 0x00000000e9200000, 0x00000000e9200000| Untracked 
| 147|0x00000000e9300000, 0x00000000e9300000, 0x00000000e9400000|  0%| F|  |TAMS 0x00000000e9300000, 0x00000000e9300000| Untracked 
| 148|0x00000000e9400000, 0x00000000e9400000, 0x00000000e9500000|  0%| F|  |TAMS 0x00000000e9400000, 0x00000000e9400000| Untracked 
| 149|0x00000000e9500000, 0x00000000e9500000, 0x00000000e9600000|  0%| F|  |TAMS 0x00000000e9500000, 0x00000000e9500000| Untracked 
| 150|0x00000000e9600000, 0x00000000e9600000, 0x00000000e9700000|  0%| F|  |TAMS 0x00000000e9600000, 0x00000000e9600000| Untracked 
| 151|0x00000000e9700000, 0x00000000e9700000, 0x00000000e9800000|  0%| F|  |TAMS 0x00000000e9700000, 0x00000000e9700000| Untracked 
| 152|0x00000000e9800000, 0x00000000e9800000, 0x00000000e9900000|  0%| F|  |TAMS 0x00000000e9800000, 0x00000000e9800000| Untracked 
| 153|0x00000000e9900000, 0x00000000e9900000, 0x00000000e9a00000|  0%| F|  |TAMS 0x00000000e9900000, 0x00000000e9900000| Untracked 
| 154|0x00000000e9a00000, 0x00000000e9a00000, 0x00000000e9b00000|  0%| F|  |TAMS 0x00000000e9a00000, 0x00000000e9a00000| Untracked 
| 155|0x00000000e9b00000, 0x00000000e9b00000, 0x00000000e9c00000|  0%| F|  |TAMS 0x00000000e9b00000, 0x00000000e9b00000| Untracked 
| 156|0x00000000e9c00000, 0x00000000e9c00000, 0x00000000e9d00000|  0%| F|  |TAMS 0x00000000e9c00000, 0x00000000e9c00000| Untracked 
| 157|0x00000000e9d00000, 0x00000000e9d00000, 0x00000000e9e00000|  0%| F|  |TAMS 0x00000000e9d00000, 0x00000000e9d00000| Untracked 
| 158|0x00000000e9e00000, 0x00000000e9e00000, 0x00000000e9f00000|  0%| F|  |TAMS 0x00000000e9e00000, 0x00000000e9e00000| Untracked 
| 159|0x00000000e9f00000, 0x00000000e9f00000, 0x00000000ea000000|  0%| F|  |TAMS 0x00000000e9f00000, 0x00000000e9f00000| Untracked 
| 160|0x00000000ea000000, 0x00000000ea000000, 0x00000000ea100000|  0%| F|  |TAMS 0x00000000ea000000, 0x00000000ea000000| Untracked 
| 161|0x00000000ea100000, 0x00000000ea100000, 0x00000000ea200000|  0%| F|  |TAMS 0x00000000ea100000, 0x00000000ea100000| Untracked 
| 162|0x00000000ea200000, 0x00000000ea200000, 0x00000000ea300000|  0%| F|  |TAMS 0x00000000ea200000, 0x00000000ea200000| Untracked 
| 163|0x00000000ea300000, 0x00000000ea300000, 0x00000000ea400000|  0%| F|  |TAMS 0x00000000ea300000, 0x00000000ea300000| Untracked 
| 164|0x00000000ea400000, 0x00000000ea400000, 0x00000000ea500000|  0%| F|  |TAMS 0x00000000ea400000, 0x00000000ea400000| Untracked 
| 165|0x00000000ea500000, 0x00000000ea500000, 0x00000000ea600000|  0%| F|  |TAMS 0x00000000ea500000, 0x00000000ea500000| Untracked 
| 166|0x00000000ea600000, 0x00000000ea700000, 0x00000000ea700000|100%| S|CS|TAMS 0x00000000ea600000, 0x00000000ea600000| Complete 
| 167|0x00000000ea700000, 0x00000000ea800000, 0x00000000ea800000|100%| S|CS|TAMS 0x00000000ea700000, 0x00000000ea700000| Complete 
| 168|0x00000000ea800000, 0x00000000ea900000, 0x00000000ea900000|100%| S|CS|TAMS 0x00000000ea800000, 0x00000000ea800000| Complete 
| 169|0x00000000ea900000, 0x00000000eaa00000, 0x00000000eaa00000|100%| S|CS|TAMS 0x00000000ea900000, 0x00000000ea900000| Complete 
| 170|0x00000000eaa00000, 0x00000000eab00000, 0x00000000eab00000|100%| S|CS|TAMS 0x00000000eaa00000, 0x00000000eaa00000| Complete 
| 171|0x00000000eab00000, 0x00000000eac00000, 0x00000000eac00000|100%| S|CS|TAMS 0x00000000eab00000, 0x00000000eab00000| Complete 
| 172|0x00000000eac00000, 0x00000000eac00000, 0x00000000ead00000|  0%| F|  |TAMS 0x00000000eac00000, 0x00000000eac00000| Untracked 
| 173|0x00000000ead00000, 0x00000000ead00000, 0x00000000eae00000|  0%| F|  |TAMS 0x00000000ead00000, 0x00000000ead00000| Untracked 
| 174|0x00000000eae00000, 0x00000000eae00000, 0x00000000eaf00000|  0%| F|  |TAMS 0x00000000eae00000, 0x00000000eae00000| Untracked 
| 175|0x00000000eaf00000, 0x00000000eaf00000, 0x00000000eb000000|  0%| F|  |TAMS 0x00000000eaf00000, 0x00000000eaf00000| Untracked 
| 176|0x00000000eb000000, 0x00000000eb000000, 0x00000000eb100000|  0%| F|  |TAMS 0x00000000eb000000, 0x00000000eb000000| Untracked 
| 177|0x00000000eb100000, 0x00000000eb100000, 0x00000000eb200000|  0%| F|  |TAMS 0x00000000eb100000, 0x00000000eb100000| Untracked 
| 178|0x00000000eb200000, 0x00000000eb200000, 0x00000000eb300000|  0%| F|  |TAMS 0x00000000eb200000, 0x00000000eb200000| Untracked 
| 179|0x00000000eb300000, 0x00000000eb300000, 0x00000000eb400000|  0%| F|  |TAMS 0x00000000eb300000, 0x00000000eb300000| Untracked 
| 180|0x00000000eb400000, 0x00000000eb400000, 0x00000000eb500000|  0%| F|  |TAMS 0x00000000eb400000, 0x00000000eb400000| Untracked 
| 181|0x00000000eb500000, 0x00000000eb500000, 0x00000000eb600000|  0%| F|  |TAMS 0x00000000eb500000, 0x00000000eb500000| Untracked 
| 182|0x00000000eb600000, 0x00000000eb600000, 0x00000000eb700000|  0%| F|  |TAMS 0x00000000eb600000, 0x00000000eb600000| Untracked 
| 183|0x00000000eb700000, 0x00000000eb700000, 0x00000000eb800000|  0%| F|  |TAMS 0x00000000eb700000, 0x00000000eb700000| Untracked 
| 184|0x00000000eb800000, 0x00000000eb800000, 0x00000000eb900000|  0%| F|  |TAMS 0x00000000eb800000, 0x00000000eb800000| Untracked 
| 185|0x00000000eb900000, 0x00000000eb900000, 0x00000000eba00000|  0%| F|  |TAMS 0x00000000eb900000, 0x00000000eb900000| Untracked 
| 186|0x00000000eba00000, 0x00000000eba00000, 0x00000000ebb00000|  0%| F|  |TAMS 0x00000000eba00000, 0x00000000eba00000| Untracked 
| 187|0x00000000ebb00000, 0x00000000ebb00000, 0x00000000ebc00000|  0%| F|  |TAMS 0x00000000ebb00000, 0x00000000ebb00000| Untracked 
| 188|0x00000000ebc00000, 0x00000000ebc00000, 0x00000000ebd00000|  0%| F|  |TAMS 0x00000000ebc00000, 0x00000000ebc00000| Untracked 
| 189|0x00000000ebd00000, 0x00000000ebd00000, 0x00000000ebe00000|  0%| F|  |TAMS 0x00000000ebd00000, 0x00000000ebd00000| Untracked 
| 190|0x00000000ebe00000, 0x00000000ebe00000, 0x00000000ebf00000|  0%| F|  |TAMS 0x00000000ebe00000, 0x00000000ebe00000| Untracked 
| 191|0x00000000ebf00000, 0x00000000ebf00000, 0x00000000ec000000|  0%| F|  |TAMS 0x00000000ebf00000, 0x00000000ebf00000| Untracked 
| 192|0x00000000ec000000, 0x00000000ec000000, 0x00000000ec100000|  0%| F|  |TAMS 0x00000000ec000000, 0x00000000ec000000| Untracked 
| 193|0x00000000ec100000, 0x00000000ec100000, 0x00000000ec200000|  0%| F|  |TAMS 0x00000000ec100000, 0x00000000ec100000| Untracked 
| 194|0x00000000ec200000, 0x00000000ec200000, 0x00000000ec300000|  0%| F|  |TAMS 0x00000000ec200000, 0x00000000ec200000| Untracked 
| 195|0x00000000ec300000, 0x00000000ec300000, 0x00000000ec400000|  0%| F|  |TAMS 0x00000000ec300000, 0x00000000ec300000| Untracked 
| 196|0x00000000ec400000, 0x00000000ec400000, 0x00000000ec500000|  0%| F|  |TAMS 0x00000000ec400000, 0x00000000ec400000| Untracked 
| 197|0x00000000ec500000, 0x00000000ec500000, 0x00000000ec600000|  0%| F|  |TAMS 0x00000000ec500000, 0x00000000ec500000| Untracked 
| 198|0x00000000ec600000, 0x00000000ec600000, 0x00000000ec700000|  0%| F|  |TAMS 0x00000000ec600000, 0x00000000ec600000| Untracked 
| 199|0x00000000ec700000, 0x00000000ec700000, 0x00000000ec800000|  0%| F|  |TAMS 0x00000000ec700000, 0x00000000ec700000| Untracked 
| 200|0x00000000ec800000, 0x00000000ec800000, 0x00000000ec900000|  0%| F|  |TAMS 0x00000000ec800000, 0x00000000ec800000| Untracked 
| 201|0x00000000ec900000, 0x00000000ec900000, 0x00000000eca00000|  0%| F|  |TAMS 0x00000000ec900000, 0x00000000ec900000| Untracked 
| 202|0x00000000eca00000, 0x00000000eca00000, 0x00000000ecb00000|  0%| F|  |TAMS 0x00000000eca00000, 0x00000000eca00000| Untracked 
| 203|0x00000000ecb00000, 0x00000000ecb00000, 0x00000000ecc00000|  0%| F|  |TAMS 0x00000000ecb00000, 0x00000000ecb00000| Untracked 
| 204|0x00000000ecc00000, 0x00000000ecc00000, 0x00000000ecd00000|  0%| F|  |TAMS 0x00000000ecc00000, 0x00000000ecc00000| Untracked 
| 205|0x00000000ecd00000, 0x00000000ecd00000, 0x00000000ece00000|  0%| F|  |TAMS 0x00000000ecd00000, 0x00000000ecd00000| Untracked 
| 206|0x00000000ece00000, 0x00000000ece00000, 0x00000000ecf00000|  0%| F|  |TAMS 0x00000000ece00000, 0x00000000ece00000| Untracked 
| 207|0x00000000ecf00000, 0x00000000ecf00000, 0x00000000ed000000|  0%| F|  |TAMS 0x00000000ecf00000, 0x00000000ecf00000| Untracked 
| 208|0x00000000ed000000, 0x00000000ed000000, 0x00000000ed100000|  0%| F|  |TAMS 0x00000000ed000000, 0x00000000ed000000| Untracked 
| 209|0x00000000ed100000, 0x00000000ed100000, 0x00000000ed200000|  0%| F|  |TAMS 0x00000000ed100000, 0x00000000ed100000| Untracked 
| 210|0x00000000ed200000, 0x00000000ed200000, 0x00000000ed300000|  0%| F|  |TAMS 0x00000000ed200000, 0x00000000ed200000| Untracked 
| 211|0x00000000ed300000, 0x00000000ed3718d0, 0x00000000ed400000| 44%| E|  |TAMS 0x00000000ed300000, 0x00000000ed300000| Complete 
| 212|0x00000000ed400000, 0x00000000ed500000, 0x00000000ed500000|100%| E|CS|TAMS 0x00000000ed400000, 0x00000000ed400000| Complete 
| 213|0x00000000ed500000, 0x00000000ed600000, 0x00000000ed600000|100%| E|CS|TAMS 0x00000000ed500000, 0x00000000ed500000| Complete 
| 214|0x00000000ed600000, 0x00000000ed700000, 0x00000000ed700000|100%| E|CS|TAMS 0x00000000ed600000, 0x00000000ed600000| Complete 
| 215|0x00000000ed700000, 0x00000000ed800000, 0x00000000ed800000|100%| E|CS|TAMS 0x00000000ed700000, 0x00000000ed700000| Complete 
| 216|0x00000000ed800000, 0x00000000ed900000, 0x00000000ed900000|100%| E|CS|TAMS 0x00000000ed800000, 0x00000000ed800000| Complete 
| 217|0x00000000ed900000, 0x00000000eda00000, 0x00000000eda00000|100%| E|CS|TAMS 0x00000000ed900000, 0x00000000ed900000| Complete 
| 218|0x00000000eda00000, 0x00000000edb00000, 0x00000000edb00000|100%| E|CS|TAMS 0x00000000eda00000, 0x00000000eda00000| Complete 
| 219|0x00000000edb00000, 0x00000000edc00000, 0x00000000edc00000|100%| E|CS|TAMS 0x00000000edb00000, 0x00000000edb00000| Complete 
| 220|0x00000000edc00000, 0x00000000edd00000, 0x00000000edd00000|100%| E|CS|TAMS 0x00000000edc00000, 0x00000000edc00000| Complete 
| 221|0x00000000edd00000, 0x00000000ede00000, 0x00000000ede00000|100%| E|CS|TAMS 0x00000000edd00000, 0x00000000edd00000| Complete 
| 222|0x00000000ede00000, 0x00000000edf00000, 0x00000000edf00000|100%| E|CS|TAMS 0x00000000ede00000, 0x00000000ede00000| Complete 
| 223|0x00000000edf00000, 0x00000000ee000000, 0x00000000ee000000|100%| E|CS|TAMS 0x00000000edf00000, 0x00000000edf00000| Complete 
| 224|0x00000000ee000000, 0x00000000ee100000, 0x00000000ee100000|100%| E|CS|TAMS 0x00000000ee000000, 0x00000000ee000000| Complete 
| 225|0x00000000ee100000, 0x00000000ee200000, 0x00000000ee200000|100%| E|CS|TAMS 0x00000000ee100000, 0x00000000ee100000| Complete 
| 226|0x00000000ee200000, 0x00000000ee300000, 0x00000000ee300000|100%| E|CS|TAMS 0x00000000ee200000, 0x00000000ee200000| Complete 
| 227|0x00000000ee300000, 0x00000000ee400000, 0x00000000ee400000|100%| E|CS|TAMS 0x00000000ee300000, 0x00000000ee300000| Complete 
| 228|0x00000000ee400000, 0x00000000ee500000, 0x00000000ee500000|100%| E|CS|TAMS 0x00000000ee400000, 0x00000000ee400000| Complete 
| 229|0x00000000ee500000, 0x00000000ee600000, 0x00000000ee600000|100%| E|CS|TAMS 0x00000000ee500000, 0x00000000ee500000| Complete 
| 230|0x00000000ee600000, 0x00000000ee700000, 0x00000000ee700000|100%| E|CS|TAMS 0x00000000ee600000, 0x00000000ee600000| Complete 
| 231|0x00000000ee700000, 0x00000000ee800000, 0x00000000ee800000|100%| E|CS|TAMS 0x00000000ee700000, 0x00000000ee700000| Complete 
| 232|0x00000000ee800000, 0x00000000ee900000, 0x00000000ee900000|100%| E|CS|TAMS 0x00000000ee800000, 0x00000000ee800000| Complete 
| 233|0x00000000ee900000, 0x00000000eea00000, 0x00000000eea00000|100%| E|CS|TAMS 0x00000000ee900000, 0x00000000ee900000| Complete 
| 234|0x00000000eea00000, 0x00000000eeb00000, 0x00000000eeb00000|100%| E|CS|TAMS 0x00000000eea00000, 0x00000000eea00000| Complete 
| 235|0x00000000eeb00000, 0x00000000eec00000, 0x00000000eec00000|100%| E|CS|TAMS 0x00000000eeb00000, 0x00000000eeb00000| Complete 
| 236|0x00000000eec00000, 0x00000000eed00000, 0x00000000eed00000|100%| E|CS|TAMS 0x00000000eec00000, 0x00000000eec00000| Complete 
| 237|0x00000000eed00000, 0x00000000eee00000, 0x00000000eee00000|100%| E|CS|TAMS 0x00000000eed00000, 0x00000000eed00000| Complete 
| 238|0x00000000eee00000, 0x00000000eef00000, 0x00000000eef00000|100%| E|CS|TAMS 0x00000000eee00000, 0x00000000eee00000| Complete 
| 239|0x00000000eef00000, 0x00000000ef000000, 0x00000000ef000000|100%| E|CS|TAMS 0x00000000eef00000, 0x00000000eef00000| Complete 
| 240|0x00000000ef000000, 0x00000000ef100000, 0x00000000ef100000|100%| E|CS|TAMS 0x00000000ef000000, 0x00000000ef000000| Complete 
| 241|0x00000000ef100000, 0x00000000ef200000, 0x00000000ef200000|100%| E|CS|TAMS 0x00000000ef100000, 0x00000000ef100000| Complete 
| 242|0x00000000ef200000, 0x00000000ef300000, 0x00000000ef300000|100%| E|CS|TAMS 0x00000000ef200000, 0x00000000ef200000| Complete 
| 243|0x00000000ef300000, 0x00000000ef400000, 0x00000000ef400000|100%| E|CS|TAMS 0x00000000ef300000, 0x00000000ef300000| Complete 
| 244|0x00000000ef400000, 0x00000000ef500000, 0x00000000ef500000|100%| E|CS|TAMS 0x00000000ef400000, 0x00000000ef400000| Complete 
| 245|0x00000000ef500000, 0x00000000ef600000, 0x00000000ef600000|100%| E|CS|TAMS 0x00000000ef500000, 0x00000000ef500000| Complete 
| 246|0x00000000ef600000, 0x00000000ef700000, 0x00000000ef700000|100%| E|CS|TAMS 0x00000000ef600000, 0x00000000ef600000| Complete 
| 247|0x00000000ef700000, 0x00000000ef800000, 0x00000000ef800000|100%| E|CS|TAMS 0x00000000ef700000, 0x00000000ef700000| Complete 
| 248|0x00000000ef800000, 0x00000000ef900000, 0x00000000ef900000|100%| E|CS|TAMS 0x00000000ef800000, 0x00000000ef800000| Complete 
| 249|0x00000000ef900000, 0x00000000efa00000, 0x00000000efa00000|100%| E|CS|TAMS 0x00000000ef900000, 0x00000000ef900000| Complete 
| 250|0x00000000efa00000, 0x00000000efb00000, 0x00000000efb00000|100%| E|CS|TAMS 0x00000000efa00000, 0x00000000efa00000| Complete 
| 251|0x00000000efb00000, 0x00000000efc00000, 0x00000000efc00000|100%| E|CS|TAMS 0x00000000efb00000, 0x00000000efb00000| Complete 
| 252|0x00000000efc00000, 0x00000000efd00000, 0x00000000efd00000|100%| E|CS|TAMS 0x00000000efc00000, 0x00000000efc00000| Complete 
| 253|0x00000000efd00000, 0x00000000efe00000, 0x00000000efe00000|100%| E|CS|TAMS 0x00000000efd00000, 0x00000000efd00000| Complete 
| 254|0x00000000efe00000, 0x00000000eff00000, 0x00000000eff00000|100%| E|CS|TAMS 0x00000000efe00000, 0x00000000efe00000| Complete 
| 255|0x00000000eff00000, 0x00000000f0000000, 0x00000000f0000000|100%| E|CS|TAMS 0x00000000eff00000, 0x00000000eff00000| Complete 
| 511|0x00000000fff00000, 0x0000000100000000, 0x0000000100000000|100%| O|  |TAMS 0x0000000100000000, 0x00000000fff00000| Untracked 

Card table byte_map: [0x00000239f4980000,0x00000239f4a80000] _byte_map_base: 0x00000239f4280000

Marking Bits (Prev, Next): (CMBitMap*) 0x00000239f102a8e0, (CMBitMap*) 0x00000239f102a920
 Prev Bits: [0x00000239f4b80000, 0x00000239f5380000)
 Next Bits: [0x00000239f5380000, 0x00000239f5b80000)

Polling page: 0x00000239eef80000

Metaspace:

Usage:
  Non-class:    118.31 MB used.
      Class:     17.24 MB used.
       Both:    135.55 MB used.

Virtual space:
  Non-class space:      120.00 MB reserved,     118.69 MB ( 99%) committed,  15 nodes.
      Class space:      308.00 MB reserved,      17.56 MB (  6%) committed,  1 nodes.
             Both:      428.00 MB reserved,     136.25 MB ( 32%) committed. 

Chunk freelists:
   Non-Class:  734.00 KB
       Class:  2.47 MB
        Both:  3.19 MB

MaxMetaspaceSize: 384.00 MB
CompressedClassSpaceSize: 308.00 MB
Initial GC threshold: 21.00 MB
Current GC threshold: 226.25 MB
CDS: off
MetaspaceReclaimPolicy: balanced
 - commit_granule_bytes: 65536.
 - commit_granule_words: 8192.
 - virtual_space_node_default_size: 1048576.
 - enlarge_chunks_in_place: 1.
 - new_chunks_are_fully_committed: 0.
 - uncommit_free_chunks: 1.
 - use_allocation_guard: 0.
 - handle_deallocations: 1.


Internal statistics:

num_allocs_failed_limit: 15.
num_arena_births: 888.
num_arena_deaths: 18.
num_vsnodes_births: 16.
num_vsnodes_deaths: 0.
num_space_committed: 2178.
num_space_uncommitted: 0.
num_chunks_returned_to_freelist: 44.
num_chunks_taken_from_freelist: 5409.
num_chunk_merges: 15.
num_chunk_splits: 4159.
num_chunks_enlarged: 3399.
num_purges: 2.
num_inconsistent_stats: 0.

CodeHeap 'non-profiled nmethods': size=120000Kb used=8780Kb max_used=9256Kb free=111220Kb
 bounds [0x0000023987ad0000, 0x00000239883e0000, 0x000002398f000000]
CodeHeap 'profiled nmethods': size=120000Kb used=22507Kb max_used=23151Kb free=97492Kb
 bounds [0x0000023980000000, 0x00000239816b0000, 0x0000023987530000]
CodeHeap 'non-nmethods': size=5760Kb used=2569Kb max_used=2652Kb free=3190Kb
 bounds [0x0000023987530000, 0x00000239877e0000, 0x0000023987ad0000]
 total_blobs=13527 nmethods=12387 adapters=1051
 compilation: enabled
              stopped_count=0, restarted_count=0
 full_count=0

Compilation events (20 events):
Event: 48.565 Thread 0x00000239f8c34080 nmethod 15430 0x0000023988179a90 code [0x0000023988179c20, 0x0000023988179d08]
Event: 48.690 Thread 0x00000239f8c34080 15431       4       java.net.URI::defineString (293 bytes)
Event: 48.691 Thread 0x00000239f8c34080 nmethod 15431 0x000002398817b410 code [0x000002398817b580, 0x000002398817b618]
Event: 48.840 Thread 0x00000239f8c34080 15432       4       org.gradle.launcher.daemon.protocol.DaemonMessageSerializer$OutputMessageSerializer::write (10 bytes)
Event: 48.846 Thread 0x00000239f8c34080 nmethod 15432 0x000002398804dc90 code [0x000002398804de80, 0x000002398804e5c8]
Event: 49.018 Thread 0x00000239f8c34080 15433       4       sun.security.util.math.intpoly.IntegerPolynomial$Element::mutable (26 bytes)
Event: 49.021 Thread 0x00000239f8c34080 nmethod 15433 0x0000023987da7410 code [0x0000023987da75a0, 0x0000023987da7a38]
Event: 49.167 Thread 0x00000239f8c34080 15434   !   4       java.util.concurrent.LinkedBlockingQueue::offer (131 bytes)
Event: 49.191 Thread 0x00000239f8c34080 nmethod 15434 0x0000023987ef9610 code [0x0000023987ef9860, 0x0000023987efb6d0]
Event: 49.192 Thread 0x00000239f8c34080 15435       4       org.apache.http.util.Asserts::notNull (32 bytes)
Event: 49.192 Thread 0x00000239f8c34080 nmethod 15435 0x000002398817b110 code [0x000002398817b280, 0x000002398817b2f8]
Event: 49.205 Thread 0x00000239f8c34080 15436       4       org.gradle.internal.logging.serializer.ProgressEventSerializer::write (10 bytes)
Event: 49.216 Thread 0x00000239f8c34080 nmethod 15436 0x0000023988182f10 code [0x00000239881830e0, 0x00000239881839f0]
Event: 49.275 Thread 0x00000239f8c34080 15437   !   4       org.gradle.launcher.daemon.server.exec.DaemonConnectionBackedEventConsumer$ForwardEvents::dispatchEvent (26 bytes)
Event: 49.277 Thread 0x00000239f8c34080 nmethod 15437 0x00000239880b8390 code [0x00000239880b8520, 0x00000239880b86e8]
Event: 49.304 Thread 0x00000239f8c34080 15438   !   4       jdk.internal.reflect.GeneratedMethodAccessor6::invoke (66 bytes)
Event: 49.308 Thread 0x00000239f8c34080 nmethod 15438 0x0000023987cce090 code [0x0000023987cce260, 0x0000023987cce748]
Event: 49.340 Thread 0x00000239f8c34080 15439   !   4       org.apache.http.conn.EofSensorInputStream::checkEOF (60 bytes)
Event: 49.341 Thread 0x00000239f8c34080 nmethod 15439 0x00000239880b7e10 code [0x00000239880b7fa0, 0x00000239880b8188]
Event: 49.365 Thread 0x00000239f8c34080 15440       4       org.gradle.internal.resource.transfer.AbstractProgressLoggingHandler$ProgressLoggingInputStream::read (27 bytes)

GC Heap History (20 events):
Event: 31.916 GC heap before
{Heap before GC invocations=83 (full 0):
 garbage-first heap   total 262144K, used 228031K [0x00000000e0000000, 0x0000000100000000)
  region size 1024K, 136 young (139264K), 7 survivors (7168K)
 Metaspace       used 76046K, committed 76608K, reserved 389120K
  class space    used 10342K, committed 10560K, reserved 315392K
}
Event: 31.919 GC heap after
{Heap after GC invocations=84 (full 0):
 garbage-first heap   total 262144K, used 98202K [0x00000000e0000000, 0x0000000100000000)
  region size 1024K, 10 young (10240K), 10 survivors (10240K)
 Metaspace       used 76046K, committed 76608K, reserved 389120K
  class space    used 10342K, committed 10560K, reserved 315392K
}
Event: 32.733 GC heap before
{Heap before GC invocations=84 (full 0):
 garbage-first heap   total 262144K, used 238490K [0x00000000e0000000, 0x0000000100000000)
  region size 1024K, 133 young (136192K), 10 survivors (10240K)
 Metaspace       used 87409K, committed 88000K, reserved 397312K
  class space    used 11689K, committed 11968K, reserved 315392K
}
Event: 32.744 GC heap after
{Heap after GC invocations=85 (full 0):
 garbage-first heap   total 263168K, used 119582K [0x00000000e0000000, 0x0000000100000000)
  region size 1024K, 17 young (17408K), 17 survivors (17408K)
 Metaspace       used 87409K, committed 88000K, reserved 397312K
  class space    used 11689K, committed 11968K, reserved 315392K
}
Event: 33.471 GC heap before
{Heap before GC invocations=85 (full 0):
 garbage-first heap   total 263168K, used 219934K [0x00000000e0000000, 0x0000000100000000)
  region size 1024K, 114 young (116736K), 17 survivors (17408K)
 Metaspace       used 98253K, committed 98944K, reserved 405504K
  class space    used 12928K, committed 13248K, reserved 315392K
}
Event: 33.479 GC heap after
{Heap after GC invocations=86 (full 0):
 garbage-first heap   total 263168K, used 126587K [0x00000000e0000000, 0x0000000100000000)
  region size 1024K, 7 young (7168K), 7 survivors (7168K)
 Metaspace       used 98253K, committed 98944K, reserved 405504K
  class space    used 12928K, committed 13248K, reserved 315392K
}
Event: 33.668 GC heap before
{Heap before GC invocations=86 (full 0):
 garbage-first heap   total 263168K, used 153211K [0x00000000e0000000, 0x0000000100000000)
  region size 1024K, 34 young (34816K), 7 survivors (7168K)
 Metaspace       used 99947K, committed 100608K, reserved 405504K
  class space    used 13119K, committed 13440K, reserved 315392K
}
Event: 33.672 GC heap after
{Heap after GC invocations=87 (full 0):
 garbage-first heap   total 263168K, used 127129K [0x00000000e0000000, 0x0000000100000000)
  region size 1024K, 7 young (7168K), 7 survivors (7168K)
 Metaspace       used 99947K, committed 100608K, reserved 405504K
  class space    used 13119K, committed 13440K, reserved 315392K
}
Event: 34.340 GC heap before
{Heap before GC invocations=88 (full 0):
 garbage-first heap   total 263168K, used 211968K [0x00000000e0000000, 0x0000000100000000)
  region size 1024K, 99 young (101376K), 7 survivors (7168K)
 Metaspace       used 108557K, committed 109248K, reserved 413696K
  class space    used 14148K, committed 14464K, reserved 315392K
}
Event: 34.346 GC heap after
{Heap after GC invocations=89 (full 0):
 garbage-first heap   total 263168K, used 123094K [0x00000000e0000000, 0x0000000100000000)
  region size 1024K, 13 young (13312K), 13 survivors (13312K)
 Metaspace       used 108557K, committed 109248K, reserved 413696K
  class space    used 14148K, committed 14464K, reserved 315392K
}
Event: 34.354 GC heap before
{Heap before GC invocations=89 (full 0):
 garbage-first heap   total 263168K, used 124118K [0x00000000e0000000, 0x0000000100000000)
  region size 1024K, 14 young (14336K), 13 survivors (13312K)
 Metaspace       used 108659K, committed 109312K, reserved 413696K
  class space    used 14169K, committed 14464K, reserved 315392K
}
Event: 34.359 GC heap after
{Heap after GC invocations=90 (full 0):
 garbage-first heap   total 263168K, used 122837K [0x00000000e0000000, 0x0000000100000000)
  region size 1024K, 2 young (2048K), 2 survivors (2048K)
 Metaspace       used 108659K, committed 109312K, reserved 413696K
  class space    used 14169K, committed 14464K, reserved 315392K
}
Event: 35.209 GC heap before
{Heap before GC invocations=90 (full 0):
 garbage-first heap   total 263168K, used 220117K [0x00000000e0000000, 0x0000000100000000)
  region size 1024K, 97 young (99328K), 2 survivors (2048K)
 Metaspace       used 121772K, committed 122432K, reserved 430080K
  class space    used 15708K, committed 16000K, reserved 315392K
}
Event: 35.212 GC heap after
{Heap after GC invocations=91 (full 0):
 garbage-first heap   total 263168K, used 124397K [0x00000000e0000000, 0x0000000100000000)
  region size 1024K, 4 young (4096K), 4 survivors (4096K)
 Metaspace       used 121772K, committed 122432K, reserved 430080K
  class space    used 15708K, committed 16000K, reserved 315392K
}
Event: 35.741 GC heap before
{Heap before GC invocations=92 (full 0):
 garbage-first heap   total 263168K, used 221677K [0x00000000e0000000, 0x0000000100000000)
  region size 1024K, 98 young (100352K), 4 survivors (4096K)
 Metaspace       used 124743K, committed 125440K, reserved 430080K
  class space    used 16013K, committed 16320K, reserved 315392K
}
Event: 35.748 GC heap after
{Heap after GC invocations=93 (full 0):
 garbage-first heap   total 263168K, used 134220K [0x00000000e0000000, 0x0000000100000000)
  region size 1024K, 13 young (13312K), 13 survivors (13312K)
 Metaspace       used 124743K, committed 125440K, reserved 430080K
  class space    used 16013K, committed 16320K, reserved 315392K
}
Event: 35.753 GC heap before
{Heap before GC invocations=93 (full 0):
 garbage-first heap   total 263168K, used 135244K [0x00000000e0000000, 0x0000000100000000)
  region size 1024K, 14 young (14336K), 13 survivors (13312K)
 Metaspace       used 124756K, committed 125440K, reserved 430080K
  class space    used 16013K, committed 16320K, reserved 315392K
}
Event: 35.758 GC heap after
{Heap after GC invocations=94 (full 0):
 garbage-first heap   total 263168K, used 134143K [0x00000000e0000000, 0x0000000100000000)
  region size 1024K, 2 young (2048K), 2 survivors (2048K)
 Metaspace       used 124756K, committed 125440K, reserved 430080K
  class space    used 16013K, committed 16320K, reserved 315392K
}
Event: 40.891 GC heap before
{Heap before GC invocations=94 (full 0):
 garbage-first heap   total 263168K, used 218111K [0x00000000e0000000, 0x0000000100000000)
  region size 1024K, 84 young (86016K), 2 survivors (2048K)
 Metaspace       used 138220K, committed 138944K, reserved 438272K
  class space    used 17622K, committed 17984K, reserved 315392K
}
Event: 40.897 GC heap after
{Heap after GC invocations=95 (full 0):
 garbage-first heap   total 263168K, used 138239K [0x00000000e0000000, 0x0000000100000000)
  region size 1024K, 6 young (6144K), 6 survivors (6144K)
 Metaspace       used 138220K, committed 138944K, reserved 438272K
  class space    used 17622K, committed 17984K, reserved 315392K
}

Dll operation events (3 events):
Event: 0.030 Loaded shared library D:\IntellijIdea\IntelliJ IDEA Community Edition 2023.1\jbr\bin\java.dll
Event: 0.131 Loaded shared library D:\IntellijIdea\IntelliJ IDEA Community Edition 2023.1\jbr\bin\zip.dll
Event: 0.356 Loaded shared library D:\IntellijIdea\IntelliJ IDEA Community Edition 2023.1\jbr\bin\verify.dll

Deoptimization events (20 events):
Event: 42.182 Thread 0x00000239fa52c1e0 DEOPT PACKING pc=0x00000239814d63f1 sp=0x0000007925dfc350
Event: 42.182 Thread 0x00000239fa52c1e0 DEOPT UNPACKING pc=0x0000023987587143 sp=0x0000007925dfb810 mode 0
Event: 42.228 Thread 0x00000239fa52c1e0 DEOPT PACKING pc=0x00000239814d63f1 sp=0x0000007925dfc350
Event: 42.228 Thread 0x00000239fa52c1e0 DEOPT UNPACKING pc=0x0000023987587143 sp=0x0000007925dfb810 mode 0
Event: 42.276 Thread 0x00000239fa52c1e0 DEOPT PACKING pc=0x00000239814d63f1 sp=0x0000007925dfc350
Event: 42.276 Thread 0x00000239fa52c1e0 DEOPT UNPACKING pc=0x0000023987587143 sp=0x0000007925dfb810 mode 0
Event: 42.319 Thread 0x00000239fa52c1e0 DEOPT PACKING pc=0x00000239814d63f1 sp=0x0000007925dfc350
Event: 42.319 Thread 0x00000239fa52c1e0 DEOPT UNPACKING pc=0x0000023987587143 sp=0x0000007925dfb810 mode 0
Event: 42.362 Thread 0x00000239fa52c1e0 DEOPT PACKING pc=0x00000239814d63f1 sp=0x0000007925dfc350
Event: 42.362 Thread 0x00000239fa52c1e0 DEOPT UNPACKING pc=0x0000023987587143 sp=0x0000007925dfb810 mode 0
Event: 42.462 Thread 0x00000239fc396530 DEOPT PACKING pc=0x000002398167153a sp=0x0000007925ffc170
Event: 42.462 Thread 0x00000239fc396530 DEOPT UNPACKING pc=0x0000023987587143 sp=0x0000007925ffb660 mode 0
Event: 42.463 Thread 0x00000239fc396530 DEOPT PACKING pc=0x000002398167153a sp=0x0000007925ffc170
Event: 42.463 Thread 0x00000239fc396530 DEOPT UNPACKING pc=0x0000023987587143 sp=0x0000007925ffb660 mode 0
Event: 42.465 Thread 0x00000239fc396530 DEOPT PACKING pc=0x000002398167153a sp=0x0000007925ffc170
Event: 42.465 Thread 0x00000239fc396530 DEOPT UNPACKING pc=0x0000023987587143 sp=0x0000007925ffb660 mode 0
Event: 42.668 Thread 0x00000239fc396530 DEOPT PACKING pc=0x0000023981670ea8 sp=0x0000007925ffc220
Event: 42.668 Thread 0x00000239fc396530 DEOPT UNPACKING pc=0x0000023987587143 sp=0x0000007925ffb6b8 mode 0
Event: 42.671 Thread 0x00000239fc396530 DEOPT PACKING pc=0x0000023981670ea8 sp=0x0000007925ffc220
Event: 42.671 Thread 0x00000239fc396530 DEOPT UNPACKING pc=0x0000023987587143 sp=0x0000007925ffb6b8 mode 0

Classes unloaded (20 events):
Event: 29.406 Thread 0x00000239f83c6620 Unloading class 0x00000001007c5000 '_BuildScript_'
Event: 29.406 Thread 0x00000239f83c6620 Unloading class 0x0000000100790000 '_BuildScript_'
Event: 29.406 Thread 0x00000239f83c6620 Unloading class 0x000000010078f820 'RegistryProcessor'
Event: 29.406 Thread 0x00000239f83c6620 Unloading class 0x000000010078f410 'JetGradlePlugin$_apply_closure1$_closure2$_closure3'
Event: 29.406 Thread 0x00000239f83c6620 Unloading class 0x000000010078f000 'JetGradlePlugin$_apply_closure1$_closure2'
Event: 29.406 Thread 0x00000239f83c6620 Unloading class 0x000000010078eac0 'JetGradlePlugin$_apply_closure1'
Event: 29.406 Thread 0x00000239f83c6620 Unloading class 0x000000010078e800 'JetGradlePlugin'
Event: 29.406 Thread 0x00000239f83c6620 Unloading class 0x000000010078c968 '_BuildScript_$_run_closure1$_closure2'
Event: 29.406 Thread 0x00000239f83c6620 Unloading class 0x000000010078c558 '_BuildScript_$_run_closure1'
Event: 29.406 Thread 0x00000239f83c6620 Unloading class 0x000000010078c000 '_BuildScript_'
Event: 29.406 Thread 0x00000239f83c6620 Unloading class 0x0000000100780558 '_BuildScript_$_run_closure1'
Event: 29.406 Thread 0x00000239f83c6620 Unloading class 0x0000000100780000 '_BuildScript_'
Event: 29.406 Thread 0x00000239f83c6620 Unloading class 0x00000001006cc968 '_BuildScript_$_run_closure1$_closure2'
Event: 29.406 Thread 0x00000239f83c6620 Unloading class 0x00000001006cc558 '_BuildScript_$_run_closure1'
Event: 29.406 Thread 0x00000239f83c6620 Unloading class 0x00000001006cc000 '_BuildScript_'
Event: 29.406 Thread 0x00000239f83c6620 Unloading class 0x000000010063c000 '_BuildScript_$_run_closure1'
Event: 29.406 Thread 0x00000239f83c6620 Unloading class 0x0000000100634000 '_BuildScript_'
Event: 29.406 Thread 0x00000239f83c6620 Unloading class 0x0000000100438c00 'java/lang/invoke/LambdaForm$MH+0x0000000100438c00'
Event: 29.406 Thread 0x00000239f83c6620 Unloading class 0x0000000100438800 'java/lang/invoke/LambdaForm$DMH+0x0000000100438800'
Event: 29.406 Thread 0x00000239f83c6620 Unloading class 0x0000000100431800 'java/lang/invoke/LambdaForm$DMH+0x0000000100431800'

Classes redefined (0 events):
No events

Internal exceptions (20 events):
Event: 36.018 Thread 0x00000239fc2e9890 Exception <a 'sun/nio/fs/WindowsException'{0x00000000ee718988}> (0x00000000ee718988) 
thrown [s\src\hotspot\share\prims\jni.cpp, line 517]
Event: 36.144 Thread 0x00000239fc2ea230 Exception <a 'java/lang/NoSuchMethodError'{0x00000000edc96040}: static Lorg/gradle/internal/build/event/types/DefaultOperationStartedProgressEvent;.<clinit>()V> (0x00000000edc96040) 
thrown [s\src\hotspot\share\prims\jni.cpp, line 1108]
Event: 36.144 Thread 0x00000239fc2ea230 Exception <a 'java/lang/NoSuchMethodError'{0x00000000edc97cb0}: static Lorg/gradle/internal/build/event/types/AbstractProgressEvent;.<clinit>()V> (0x00000000edc97cb0) 
thrown [s\src\hotspot\share\prims\jni.cpp, line 1108]
Event: 36.145 Thread 0x00000239fc2ea230 Exception <a 'java/lang/NoSuchMethodError'{0x00000000edcac100}: static Lorg/gradle/internal/build/event/types/DefaultFileDownloadDescriptor;.<clinit>()V> (0x00000000edcac100) 
thrown [s\src\hotspot\share\prims\jni.cpp, line 1108]
Event: 36.145 Thread 0x00000239fc2ea230 Exception <a 'java/lang/NoSuchMethodError'{0x00000000edcaeb68}: static Lorg/gradle/internal/build/event/types/DefaultOperationDescriptor;.<clinit>()V> (0x00000000edcaeb68) 
thrown [s\src\hotspot\share\prims\jni.cpp, line 1108]
Event: 36.145 Thread 0x00000239fc2ea230 Exception <a 'java/lang/NoSuchMethodError'{0x00000000edcc2100}: static Lorg/gradle/internal/operations/OperationIdentifier;.<clinit>()V> (0x00000000edcc2100) 
thrown [s\src\hotspot\share\prims\jni.cpp, line 1108]
Event: 36.172 Thread 0x00000239fa725800 Exception <a 'sun/nio/fs/WindowsException'{0x00000000eda790a8}> (0x00000000eda790a8) 
thrown [s\src\hotspot\share\prims\jni.cpp, line 517]
Event: 36.619 Thread 0x00000239fc2ea230 Exception <a 'java/lang/NoSuchMethodError'{0x00000000ec12de88}: static Lorg/gradle/internal/build/event/types/DefaultOperationFinishedProgressEvent;.<clinit>()V> (0x00000000ec12de88) 
thrown [s\src\hotspot\share\prims\jni.cpp, line 1108]
Event: 36.621 Thread 0x00000239fc2ea230 Exception <a 'java/lang/NoSuchMethodError'{0x00000000ec158370}: static Lorg/gradle/internal/build/event/types/DefaultFileDownloadSuccessResult;.<clinit>()V> (0x00000000ec158370) 
thrown [s\src\hotspot\share\prims\jni.cpp, line 1108]
Event: 36.621 Thread 0x00000239fc2ea230 Exception <a 'java/lang/NoSuchMethodError'{0x00000000ec159178}: static Lorg/gradle/internal/build/event/types/DefaultSuccessResult;.<clinit>()V> (0x00000000ec159178) 
thrown [s\src\hotspot\share\prims\jni.cpp, line 1108]
Event: 36.621 Thread 0x00000239fc2ea230 Exception <a 'java/lang/NoSuchMethodError'{0x00000000ec15a2b0}: static Lorg/gradle/internal/build/event/types/AbstractOperationResult;.<clinit>()V> (0x00000000ec15a2b0) 
thrown [s\src\hotspot\share\prims\jni.cpp, line 1108]
Event: 36.621 Thread 0x00000239fc2ea230 Exception <a 'java/lang/NoSuchMethodError'{0x00000000ec15b708}: static Lorg/gradle/internal/build/event/types/AbstractResult;.<clinit>()V> (0x00000000ec15b708) 
thrown [s\src\hotspot\share\prims\jni.cpp, line 1108]
Event: 36.712 Thread 0x00000239fa725800 Implicit null exception at 0x0000023987ba93a0 to 0x0000023987ba97dc
Event: 36.724 Thread 0x00000239fa725800 Exception <a 'java/lang/NoSuchMethodError'{0x00000000ebb84d90}: 'java.lang.Object java.lang.invoke.DirectMethodHandle$Holder.newInvokeSpecial(java.lang.Object, java.lang.Object, java.lang.Object, java.lang.Object, java.lang.Object, int)'> (0x00000000ebb84d90) 
thrown [s\src\hotspot\share\interpreter\linkResolver.cpp, line 771]
Event: 36.724 Thread 0x00000239fa725800 Exception <a 'java/lang/NoSuchMethodError'{0x00000000ebb8a448}: 'java.lang.Object java.lang.invoke.DirectMethodHandle$Holder.invokeSpecial(java.lang.Object, java.lang.Object, java.lang.Object, java.lang.Object, java.lang.Object, java.lang.Object, int)'> (0x00000000ebb8a448) 
thrown [s\src\hotspot\share\interpreter\linkResolver.cpp, line 771]
Event: 36.727 Thread 0x00000239fa725800 Exception <a 'java/lang/NoSuchMethodError'{0x00000000ebbc08b8}: 'java.lang.Object java.lang.invoke.DirectMethodHandle$Holder.invokeSpecial(java.lang.Object, java.lang.Object, java.lang.Object, java.lang.Object, java.lang.Object, long)'> (0x00000000ebbc08b8) 
thrown [s\src\hotspot\share\interpreter\linkResolver.cpp, line 771]
Event: 36.728 Thread 0x00000239fa725800 Exception <a 'java/lang/NoSuchMethodError'{0x00000000ebbe27a8}: 'void java.lang.invoke.DirectMethodHandle$Holder.invokeStatic(java.lang.Object, java.lang.Object, java.lang.Object, int, java.lang.Object)'> (0x00000000ebbe27a8) 
thrown [s\src\hotspot\share\interpreter\linkResolver.cpp, line 771]
Event: 38.168 Thread 0x00000239fc2ea230 Exception <a 'java/lang/NoSuchMethodError'{0x00000000eb7e1c40}: static Lorg/gradle/internal/build/event/types/DefaultStatusEvent;.<clinit>()V> (0x00000000eb7e1c40) 
thrown [s\src\hotspot\share\prims\jni.cpp, line 1108]
Event: 38.702 Thread 0x00000239fc2ea230 Exception <a 'java/lang/NoSuchMethodError'{0x00000000eb10a550}: static Lorg/gradle/internal/build/event/types/NotFoundFileDownloadSuccessResult;.<clinit>()V> (0x00000000eb10a550) 
thrown [s\src\hotspot\share\prims\jni.cpp, line 1108]
Event: 40.906 Thread 0x00000239f83ec000 Implicit null exception at 0x0000023987da8de0 to 0x0000023987da8e80

VM Operations (20 events):
Event: 41.872 Executing VM operation: ICBufferFull
Event: 41.872 Executing VM operation: ICBufferFull done
Event: 42.873 Executing VM operation: Cleanup
Event: 42.873 Executing VM operation: Cleanup done
Event: 43.036 Executing VM operation: HandshakeAllThreads
Event: 43.036 Executing VM operation: HandshakeAllThreads done
Event: 44.037 Executing VM operation: Cleanup
Event: 44.037 Executing VM operation: Cleanup done
Event: 45.044 Executing VM operation: Cleanup
Event: 45.044 Executing VM operation: Cleanup done
Event: 45.289 Executing VM operation: HandshakeAllThreads
Event: 45.289 Executing VM operation: HandshakeAllThreads done
Event: 46.298 Executing VM operation: Cleanup
Event: 46.298 Executing VM operation: Cleanup done
Event: 47.299 Executing VM operation: Cleanup
Event: 47.299 Executing VM operation: Cleanup done
Event: 48.303 Executing VM operation: Cleanup
Event: 48.303 Executing VM operation: Cleanup done
Event: 49.314 Executing VM operation: Cleanup
Event: 49.314 Executing VM operation: Cleanup done

Events (20 events):
Event: 45.298 Thread 0x00000239f8c42d10 flushing nmethod 0x0000023980efdd90
Event: 45.298 Thread 0x00000239f8c42d10 flushing nmethod 0x0000023980f30690
Event: 45.298 Thread 0x00000239f8c42d10 flushing nmethod 0x0000023980f3be90
Event: 45.298 Thread 0x00000239f8c42d10 flushing nmethod 0x0000023980f55890
Event: 45.299 Thread 0x00000239f8c42d10 flushing nmethod 0x0000023980ff1e90
Event: 45.299 Thread 0x00000239f8c42d10 flushing nmethod 0x0000023980ffe010
Event: 45.299 Thread 0x00000239f8c42d10 flushing nmethod 0x0000023980ffe990
Event: 45.299 Thread 0x00000239f8c42d10 flushing nmethod 0x0000023981000d90
Event: 45.299 Thread 0x00000239f8c42d10 flushing nmethod 0x000002398105dc90
Event: 45.299 Thread 0x00000239f8c42d10 flushing nmethod 0x0000023981061c10
Event: 45.299 Thread 0x00000239f8c42d10 flushing nmethod 0x00000239810b5b10
Event: 45.299 Thread 0x00000239f8c42d10 flushing nmethod 0x00000239810c1a90
Event: 45.299 Thread 0x00000239f8c42d10 flushing nmethod 0x00000239810c4110
Event: 45.300 Thread 0x00000239f8c42d10 flushing nmethod 0x0000023981204a10
Event: 45.300 Thread 0x00000239f8c42d10 flushing nmethod 0x000002398120d590
Event: 45.300 Thread 0x00000239f8c42d10 flushing nmethod 0x0000023981281190
Event: 45.300 Thread 0x00000239f8c42d10 flushing nmethod 0x0000023981281590
Event: 45.300 Thread 0x00000239f8c42d10 flushing nmethod 0x0000023981281a10
Event: 45.300 Thread 0x00000239f8c42d10 flushing nmethod 0x0000023981281d90
Event: 45.300 Thread 0x00000239f8c42d10 flushing nmethod 0x0000023981284410


Dynamic libraries:
0x00007ff7f9680000 - 0x00007ff7f968a000 	D:\IntellijIdea\IntelliJ IDEA Community Edition 2023.1\jbr\bin\java.exe
0x00007ffedccf0000 - 0x00007ffedcee8000 	C:\Windows\SYSTEM32\ntdll.dll
0x00007ffedb580000 - 0x00007ffedb63d000 	C:\Windows\System32\KERNEL32.DLL
0x00007ffeda670000 - 0x00007ffeda966000 	C:\Windows\System32\KERNELBASE.dll
0x00007ffeda470000 - 0x00007ffeda570000 	C:\Windows\System32\ucrtbase.dll
0x00007ffec0e50000 - 0x00007ffec0e67000 	D:\IntellijIdea\IntelliJ IDEA Community Edition 2023.1\jbr\bin\jli.dll
0x00007ffedc510000 - 0x00007ffedc6ae000 	C:\Windows\System32\USER32.dll
0x00007ffedabc0000 - 0x00007ffedabe2000 	C:\Windows\System32\win32u.dll
0x00007ffec37c0000 - 0x00007ffec3a5a000 	C:\Windows\WinSxS\amd64_microsoft.windows.common-controls_6595b64144ccf1df_6.0.19041.3636_none_60b6a03d71f818d5\COMCTL32.dll
0x00007ffedb0e0000 - 0x00007ffedb10c000 	C:\Windows\System32\GDI32.dll
0x00007ffedb640000 - 0x00007ffedb6de000 	C:\Windows\System32\msvcrt.dll
0x00007ffedaaa0000 - 0x00007ffedabba000 	C:\Windows\System32\gdi32full.dll
0x00007ffeda3d0000 - 0x00007ffeda46d000 	C:\Windows\System32\msvcp_win.dll
0x00007ffed2520000 - 0x00007ffed253b000 	D:\IntellijIdea\IntelliJ IDEA Community Edition 2023.1\jbr\bin\VCRUNTIME140.dll
0x00007ffedc120000 - 0x00007ffedc150000 	C:\Windows\System32\IMM32.DLL
0x00007ffed2510000 - 0x00007ffed251c000 	D:\IntellijIdea\IntelliJ IDEA Community Edition 2023.1\jbr\bin\vcruntime140_1.dll
0x00007ffed5ec0000 - 0x00007ffed5f4d000 	D:\IntellijIdea\IntelliJ IDEA Community Edition 2023.1\jbr\bin\msvcp140.dll
0x00007ffea3d80000 - 0x00007ffea49ed000 	D:\IntellijIdea\IntelliJ IDEA Community Edition 2023.1\jbr\bin\server\jvm.dll
0x00007ffedcc00000 - 0x00007ffedccaf000 	C:\Windows\System32\ADVAPI32.dll
0x00007ffedafb0000 - 0x00007ffedb04c000 	C:\Windows\System32\sechost.dll
0x00007ffedb190000 - 0x00007ffedb2b6000 	C:\Windows\System32\RPCRT4.dll
0x00007ffeca190000 - 0x00007ffeca1b7000 	C:\Windows\SYSTEM32\WINMM.dll
0x00007ffed4230000 - 0x00007ffed423a000 	C:\Windows\SYSTEM32\VERSION.dll
0x00007ffed2740000 - 0x00007ffed2749000 	C:\Windows\SYSTEM32\WSOCK32.dll
0x00007ffedb760000 - 0x00007ffedb7cb000 	C:\Windows\System32\WS2_32.dll
0x00007ffed82b0000 - 0x00007ffed82c2000 	C:\Windows\SYSTEM32\kernel.appcore.dll
0x00007ffed1b70000 - 0x00007ffed1b7a000 	D:\IntellijIdea\IntelliJ IDEA Community Edition 2023.1\jbr\bin\jimage.dll
0x00007ffec61d0000 - 0x00007ffec63b4000 	C:\Windows\SYSTEM32\DBGHELP.DLL
0x00007ffebf700000 - 0x00007ffebf734000 	C:\Windows\SYSTEM32\dbgcore.DLL
0x00007ffeda5e0000 - 0x00007ffeda662000 	C:\Windows\System32\bcryptPrimitives.dll
0x00007ffec15c0000 - 0x00007ffec15ce000 	D:\IntellijIdea\IntelliJ IDEA Community Edition 2023.1\jbr\bin\instrument.dll
0x00007ffec4de0000 - 0x00007ffec4e05000 	D:\IntellijIdea\IntelliJ IDEA Community Edition 2023.1\jbr\bin\java.dll
0x00007ffec4f80000 - 0x00007ffec4f98000 	D:\IntellijIdea\IntelliJ IDEA Community Edition 2023.1\jbr\bin\zip.dll
0x00007ffedb7d0000 - 0x00007ffedbf15000 	C:\Windows\System32\SHELL32.dll
0x00007ffed84b0000 - 0x00007ffed8c4b000 	C:\Windows\SYSTEM32\windows.storage.dll
0x00007ffedc1b0000 - 0x00007ffedc504000 	C:\Windows\System32\combase.dll
0x00007ffed9da0000 - 0x00007ffed9dcd000 	C:\Windows\SYSTEM32\Wldp.dll
0x00007ffedcb50000 - 0x00007ffedcbfd000 	C:\Windows\System32\SHCORE.dll
0x00007ffedc150000 - 0x00007ffedc1a5000 	C:\Windows\System32\shlwapi.dll
0x00007ffeda300000 - 0x00007ffeda325000 	C:\Windows\SYSTEM32\profapi.dll
0x00007ffec4dc0000 - 0x00007ffec4dd9000 	D:\IntellijIdea\IntelliJ IDEA Community Edition 2023.1\jbr\bin\net.dll
0x00007ffed3f70000 - 0x00007ffed407a000 	C:\Windows\SYSTEM32\WINHTTP.dll
0x00007ffed9aa0000 - 0x00007ffed9b0a000 	C:\Windows\system32\mswsock.dll
0x00007ffec4da0000 - 0x00007ffec4db6000 	D:\IntellijIdea\IntelliJ IDEA Community Edition 2023.1\jbr\bin\nio.dll
0x00007ffec4d90000 - 0x00007ffec4da0000 	D:\IntellijIdea\IntelliJ IDEA Community Edition 2023.1\jbr\bin\verify.dll
0x00007ffebefc0000 - 0x00007ffebefe7000 	C:\Users\Cahefencet\.gradle\native\c067742578af261105cb4f569cf0c3c89f3d7b1fecec35dd04571415982c5e48\windows-amd64\native-platform.dll
0x00007ffebee70000 - 0x00007ffebefb4000 	C:\Users\Cahefencet\.gradle\native\38dada09dfb8b06ba9b0570ebf7e218e3eb74d4ef43ca46872605cf95ebc2f47\windows-amd64\native-platform-file-events.dll
0x00007ffec15e0000 - 0x00007ffec15e9000 	D:\IntellijIdea\IntelliJ IDEA Community Edition 2023.1\jbr\bin\management.dll
0x00007ffec15d0000 - 0x00007ffec15db000 	D:\IntellijIdea\IntelliJ IDEA Community Edition 2023.1\jbr\bin\management_ext.dll
0x00007ffedb180000 - 0x00007ffedb188000 	C:\Windows\System32\PSAPI.DLL
0x00007ffed9cf0000 - 0x00007ffed9d08000 	C:\Windows\SYSTEM32\CRYPTSP.dll
0x00007ffed93d0000 - 0x00007ffed9404000 	C:\Windows\system32\rsaenh.dll
0x00007ffedaa20000 - 0x00007ffedaa47000 	C:\Windows\System32\bcrypt.dll
0x00007ffeda2c0000 - 0x00007ffeda2ee000 	C:\Windows\SYSTEM32\USERENV.dll
0x00007ffed9d10000 - 0x00007ffed9d1c000 	C:\Windows\SYSTEM32\CRYPTBASE.dll
0x00007ffed9790000 - 0x00007ffed97cb000 	C:\Windows\SYSTEM32\IPHLPAPI.DLL
0x00007ffedc6b0000 - 0x00007ffedc6b8000 	C:\Windows\System32\NSI.dll
0x00007ffed4a60000 - 0x00007ffed4a77000 	C:\Windows\SYSTEM32\dhcpcsvc6.DLL
0x00007ffed4a40000 - 0x00007ffed4a5d000 	C:\Windows\SYSTEM32\dhcpcsvc.DLL
0x00007ffed97d0000 - 0x00007ffed989a000 	C:\Windows\SYSTEM32\DNSAPI.dll
0x00007ffec4d80000 - 0x00007ffec4d8e000 	D:\IntellijIdea\IntelliJ IDEA Community Edition 2023.1\jbr\bin\sunmscapi.dll
0x00007ffedabf0000 - 0x00007ffedad4d000 	C:\Windows\System32\CRYPT32.dll
0x00007ffed9e30000 - 0x00007ffed9e57000 	C:\Windows\SYSTEM32\ncrypt.dll
0x00007ffed9dd0000 - 0x00007ffed9e0b000 	C:\Windows\SYSTEM32\NTASN1.dll
0x00007ffec1630000 - 0x00007ffec1637000 	C:\Windows\system32\wshunix.dll
0x00007ffed94f0000 - 0x00007ffed9523000 	C:\Windows\SYSTEM32\ntmarta.dll
0x00007ffed1e70000 - 0x00007ffed1e7a000 	C:\Windows\System32\rasadhlp.dll
0x00007ffed0710000 - 0x00007ffed0790000 	C:\Windows\System32\fwpuclnt.dll

dbghelp: loaded successfully - version: 4.0.5 - missing functions: none
symbol engine: initialized successfully - sym options: 0x614 - pdb path: .;D:\IntellijIdea\IntelliJ IDEA Community Edition 2023.1\jbr\bin;C:\Windows\SYSTEM32;C:\Windows\WinSxS\amd64_microsoft.windows.common-controls_6595b64144ccf1df_6.0.19041.3636_none_60b6a03d71f818d5;D:\IntellijIdea\IntelliJ IDEA Community Edition 2023.1\jbr\bin\server;C:\Users\Cahefencet\.gradle\native\c067742578af261105cb4f569cf0c3c89f3d7b1fecec35dd04571415982c5e48\windows-amd64;C:\Users\Cahefencet\.gradle\native\38dada09dfb8b06ba9b0570ebf7e218e3eb74d4ef43ca46872605cf95ebc2f47\windows-amd64

VM Arguments:
jvm_args: --add-opens=java.base/java.util=ALL-UNNAMED --add-opens=java.base/java.lang=ALL-UNNAMED --add-opens=java.base/java.lang.invoke=ALL-UNNAMED --add-opens=java.prefs/java.util.prefs=ALL-UNNAMED --add-opens=java.base/java.nio.charset=ALL-UNNAMED --add-opens=java.base/java.net=ALL-UNNAMED --add-opens=java.base/java.util.concurrent.atomic=ALL-UNNAMED -XX:MaxMetaspaceSize=384m -XX:+HeapDumpOnOutOfMemoryError -Xms256m -Xmx512m -Dfile.encoding=windows-1251 -Duser.country=RU -Duser.language=ru -Duser.variant -javaagent:C:\Users\Cahefencet\.gradle\wrapper\dists\gradle-8.5-all\3zlzzgtsutfj0pbojr50n2l7z\gradle-8.5\lib\agents\gradle-instrumentation-agent-8.5.jar 
java_command: org.gradle.launcher.daemon.bootstrap.GradleDaemon 8.5
java_class_path (initial): C:\Users\Cahefencet\.gradle\wrapper\dists\gradle-8.5-all\3zlzzgtsutfj0pbojr50n2l7z\gradle-8.5\lib\gradle-launcher-8.5.jar
Launcher Type: SUN_STANDARD

[Global flags]
     intx CICompilerCount                          = 3                                         {product} {ergonomic}
   size_t CompressedClassSpaceSize                 = 322961408                                 {product} {ergonomic}
     uint ConcGCThreads                            = 2                                         {product} {ergonomic}
     uint G1ConcRefinementThreads                  = 6                                         {product} {ergonomic}
   size_t G1HeapRegionSize                         = 1048576                                   {product} {ergonomic}
    uintx GCDrainStackTargetSize                   = 64                                        {product} {ergonomic}
     bool HeapDumpOnOutOfMemoryError               = true                                   {manageable} {command line}
   size_t InitialHeapSize                          = 268435456                                 {product} {command line}
   size_t MarkStackSize                            = 4194304                                   {product} {ergonomic}
   size_t MaxHeapSize                              = 536870912                                 {product} {command line}
   size_t MaxMetaspaceSize                         = 402653184                                 {product} {command line}
   size_t MaxNewSize                               = 321912832                                 {product} {ergonomic}
   size_t MinHeapDeltaBytes                        = 1048576                                   {product} {ergonomic}
   size_t MinHeapSize                              = 268435456                                 {product} {command line}
    uintx NonNMethodCodeHeapSize                   = 5832780                                {pd product} {ergonomic}
    uintx NonProfiledCodeHeapSize                  = 122912730                              {pd product} {ergonomic}
    uintx ProfiledCodeHeapSize                     = 122912730                              {pd product} {ergonomic}
    uintx ReservedCodeCacheSize                    = 251658240                              {pd product} {ergonomic}
     bool SegmentedCodeCache                       = true                                      {product} {ergonomic}
   size_t SoftMaxHeapSize                          = 536870912                              {manageable} {ergonomic}
     bool UseCompressedClassPointers               = true                           {product lp64_product} {ergonomic}
     bool UseCompressedOops                        = true                           {product lp64_product} {ergonomic}
     bool UseG1GC                                  = true                                      {product} {ergonomic}
     bool UseLargePagesIndividualAllocation        = false                                  {pd product} {ergonomic}

Logging:
Log output configuration:
 #0: stdout all=warning uptime,level,tags
 #1: stderr all=off uptime,level,tags

Environment Variables:
PATH=C:\Windows\system32;C:\Windows;C:\Windows\System32\Wbem;C:\Windows\System32\WindowsPowerShell\v1.0\;C:\Windows\System32\OpenSSH\;C:\Users\Cahefencet\AppData\Local\Microsoft\WindowsApps;
USERNAME=Cahefencet
OS=Windows_NT
PROCESSOR_IDENTIFIER=Intel64 Family 6 Model 158 Stepping 10, GenuineIntel
TMP=C:\Users\CAHEFE~1\AppData\Local\Temp
TEMP=C:\Users\CAHEFE~1\AppData\Local\Temp



---------------  S Y S T E M  ---------------

OS:
 Windows 10 , 64 bit Build 19041 (10.0.19041.3636)
OS uptime: 0 days 0:11 hours

CPU: total 6 (initial active 6) (6 cores per cpu, 1 threads per core) family 6 model 158 stepping 10 microcode 0xb4, cx8, cmov, fxsr, mmx, 3dnowpref, sse, sse2, sse3, ssse3, sse4.1, sse4.2, popcnt, lzcnt, tsc, tscinvbit, avx, avx2, aes, erms, clmul, bmi1, bmi2, adx, fma, vzeroupper, clflush, clflushopt

Memory: 4k page, system-wide physical 16322M (11424M free)
TotalPageFile size 19266M (AvailPageFile size 12988M)
current process WorkingSet (physical memory assigned to process): 567M, peak: 589M
current process commit charge ("private bytes"): 594M, peak: 617M

vm_info: OpenJDK 64-Bit Server VM (17.0.6+10-b829.5) for windows-amd64 JRE (17.0.6+10-b829.5), built on 2023-02-24 by "builduser" with MS VC++ 16.10 / 16.11 (VS2019)

END.
